<?xml version="1.0" encoding="UTF-8"?><testsuite name="nosetests" tests="1571" errors="0" failures="1" skip="308"><testcase classname="apache_beam.coders.coders_test.CodersTest" name="test_str_utf8_coder" time="0.000"></testcase><testcase classname="apache_beam.coders.coders_test.FallbackCoderTest" name="test_default_fallback_path" time="0.000"></testcase><testcase classname="apache_beam.coders.coders_test.PickleCoderTest" name="test_basics" time="0.000"></testcase><testcase classname="apache_beam.coders.coders_test.PickleCoderTest" name="test_equality" time="0.000"></testcase><testcase classname="apache_beam.coders.coders_test.ProtoCoderTest" name="test_proto_coder" time="0.000"></testcase><testcase classname="apache_beam.coders.coders_test_common.CodersTest" name="test_base64_pickle_coder" time="0.001"></testcase><testcase classname="apache_beam.coders.coders_test_common.CodersTest" name="test_bytes_coder" time="0.000"></testcase><testcase classname="apache_beam.coders.coders_test_common.CodersTest" name="test_custom_coder" time="0.001"></testcase><testcase classname="apache_beam.coders.coders_test_common.CodersTest" name="test_deterministic_coder" time="0.002"></testcase><testcase classname="apache_beam.coders.coders_test_common.CodersTest" name="test_dill_coder" time="0.002"></testcase><testcase classname="apache_beam.coders.coders_test_common.CodersTest" name="test_fast_primitives_coder" time="0.005"></testcase><testcase classname="apache_beam.coders.coders_test_common.CodersTest" name="test_float_coder" time="0.012"></testcase><testcase classname="apache_beam.coders.coders_test_common.CodersTest" name="test_global_window_coder" time="0.001"></testcase><testcase classname="apache_beam.coders.coders_test_common.CodersTest" name="test_interval_window_coder" time="0.074"></testcase><testcase classname="apache_beam.coders.coders_test_common.CodersTest" name="test_iterable_coder" time="0.001"></testcase><testcase classname="apache_beam.coders.coders_test_common.CodersTest" name="test_iterable_coder_unknown_length" time="0.409"></testcase><testcase classname="apache_beam.coders.coders_test_common.CodersTest" name="test_length_prefix_coder" time="0.002"></testcase><testcase classname="apache_beam.coders.coders_test_common.CodersTest" name="test_nested_observables" time="0.000"></testcase><testcase classname="apache_beam.coders.coders_test_common.CodersTest" name="test_pickle_coder" time="0.001"></testcase><testcase classname="apache_beam.coders.coders_test_common.CodersTest" name="test_proto_coder" time="0.002"></testcase><testcase classname="apache_beam.coders.coders_test_common.CodersTest" name="test_singleton_coder" time="0.002"></testcase><testcase classname="apache_beam.coders.coders_test_common.CodersTest" name="test_timestamp_coder" time="0.008"></testcase><testcase classname="apache_beam.coders.coders_test_common.CodersTest" name="test_tuple_coder" time="0.002"></testcase><testcase classname="apache_beam.coders.coders_test_common.CodersTest" name="test_tuple_sequence_coder" time="0.014"></testcase><testcase classname="apache_beam.coders.coders_test_common.CodersTest" name="test_utf8_coder" time="0.000"></testcase><testcase classname="apache_beam.coders.coders_test_common.CodersTest" name="test_varint_coder" time="0.005"></testcase><testcase classname="apache_beam.coders.coders_test_common.CodersTest" name="test_windowed_value_coder" time="0.003"></testcase><testcase classname="apache_beam.coders.coders_test_common.CodersTest" name="test_windowedvalue_coder_paneinfo" time="0.055"></testcase><testcase classname="apache_beam.coders.observable_test.ObservableMixinTest" name="test_observable" time="0.000"></testcase><testcase classname="apache_beam.coders.slow_coders_test.CodersTest" name="test_base64_pickle_coder" time="0.001"></testcase><testcase classname="apache_beam.coders.slow_coders_test.CodersTest" name="test_bytes_coder" time="0.000"></testcase><testcase classname="apache_beam.coders.slow_coders_test.CodersTest" name="test_custom_coder" time="0.001"></testcase><testcase classname="apache_beam.coders.slow_coders_test.CodersTest" name="test_deterministic_coder" time="0.002"></testcase><testcase classname="apache_beam.coders.slow_coders_test.CodersTest" name="test_dill_coder" time="0.002"></testcase><testcase classname="apache_beam.coders.slow_coders_test.CodersTest" name="test_fast_primitives_coder" time="0.005"></testcase><testcase classname="apache_beam.coders.slow_coders_test.CodersTest" name="test_float_coder" time="0.014"></testcase><testcase classname="apache_beam.coders.slow_coders_test.CodersTest" name="test_global_window_coder" time="0.001"></testcase><testcase classname="apache_beam.coders.slow_coders_test.CodersTest" name="test_interval_window_coder" time="0.074"></testcase><testcase classname="apache_beam.coders.slow_coders_test.CodersTest" name="test_iterable_coder" time="0.002"></testcase><testcase classname="apache_beam.coders.slow_coders_test.CodersTest" name="test_iterable_coder_unknown_length" time="0.796"></testcase><testcase classname="apache_beam.coders.slow_coders_test.CodersTest" name="test_length_prefix_coder" time="0.003"></testcase><testcase classname="apache_beam.coders.slow_coders_test.CodersTest" name="test_nested_observables" time="0.000"></testcase><testcase classname="apache_beam.coders.slow_coders_test.CodersTest" name="test_pickle_coder" time="0.001"></testcase><testcase classname="apache_beam.coders.slow_coders_test.CodersTest" name="test_proto_coder" time="0.003"></testcase><testcase classname="apache_beam.coders.slow_coders_test.CodersTest" name="test_singleton_coder" time="0.002"></testcase><testcase classname="apache_beam.coders.slow_coders_test.CodersTest" name="test_timestamp_coder" time="0.019"></testcase><testcase classname="apache_beam.coders.slow_coders_test.CodersTest" name="test_tuple_coder" time="0.005"></testcase><testcase classname="apache_beam.coders.slow_coders_test.CodersTest" name="test_tuple_sequence_coder" time="0.017"></testcase><testcase classname="apache_beam.coders.slow_coders_test.CodersTest" name="test_utf8_coder" time="0.001"></testcase><testcase classname="apache_beam.coders.slow_coders_test.CodersTest" name="test_varint_coder" time="0.006"></testcase><testcase classname="apache_beam.coders.slow_coders_test.CodersTest" name="test_windowed_value_coder" time="0.004"></testcase><testcase classname="apache_beam.coders.slow_coders_test.CodersTest" name="test_windowedvalue_coder_paneinfo" time="0.091"></testcase><testcase classname="apache_beam.coders.slow_coders_test.SlowCoders" name="test_using_slow_impl" time="0.001"></testcase><testcase classname="apache_beam.coders.standard_coders_test.StandardCodersTest" name="test_standard_coders" time="0.062"></testcase><testcase classname="apache_beam.coders.stream_test.StreamTest" name="test_byte_counting" time="0.000"></testcase><testcase classname="apache_beam.coders.stream_test.StreamTest" name="test_large_var_int64" time="0.000"></testcase><testcase classname="apache_beam.coders.stream_test.StreamTest" name="test_medium_var_int64" time="0.001"></testcase><testcase classname="apache_beam.coders.stream_test.StreamTest" name="test_read_all" time="0.000"></testcase><testcase classname="apache_beam.coders.stream_test.StreamTest" name="test_read_write" time="0.000"></testcase><testcase classname="apache_beam.coders.stream_test.StreamTest" name="test_read_write_bigendian_int32" time="0.000"></testcase><testcase classname="apache_beam.coders.stream_test.StreamTest" name="test_read_write_bigendian_int64" time="0.000"></testcase><testcase classname="apache_beam.coders.stream_test.StreamTest" name="test_read_write_bigendian_uint64" time="0.000"></testcase><testcase classname="apache_beam.coders.stream_test.StreamTest" name="test_read_write_byte" time="0.000"></testcase><testcase classname="apache_beam.coders.stream_test.StreamTest" name="test_read_write_double" time="0.000"></testcase><testcase classname="apache_beam.coders.stream_test.StreamTest" name="test_read_write_large" time="0.013"></testcase><testcase classname="apache_beam.coders.stream_test.StreamTest" name="test_small_var_int64" time="0.000"></testcase><testcase classname="apache_beam.examples.complete.game.game_stats_test.GameStatsTest" name="test_game_stats_sessions" time="1.075"></testcase><testcase classname="apache_beam.examples.complete.game.game_stats_test.GameStatsTest" name="test_spammy_users" time="0.558"></testcase><testcase classname="apache_beam.examples.complete.game.hourly_team_score_test.HourlyTeamScoreTest" name="test_hourly_team_score" time="0.284"></testcase><testcase classname="apache_beam.examples.complete.game.leader_board_test.LeaderBoardTest" name="test_leader_board_teams" time="0.252"></testcase><testcase classname="apache_beam.examples.complete.game.leader_board_test.LeaderBoardTest" name="test_leader_board_users" time="0.231"></testcase><testcase classname="apache_beam.examples.complete.game.user_score_test.UserScoreTest" name="test_user_score" time="0.210"></testcase><testcase classname="apache_beam.examples.complete.juliaset.juliaset.juliaset_test.JuliaSetTest" name="test_generate_fractal_image" time="0.403"></testcase><testcase classname="apache_beam.examples.complete.juliaset.juliaset.juliaset_test.JuliaSetTest" name="test_output_file_format" time="0.378"><system-err><![CDATA[/Users/yifanzou/myGit/beam/sdks/python/apache_beam/examples/complete/juliaset/juliaset/juliaset_test.py:64: FutureWarning: open_shards is experimental.
  '-*-of-*') as result_file:
]]></system-err></testcase><testcase classname="apache_beam.examples.complete.autocomplete_test.AutocompleteTest" name="test_top_prefixes" time="0.290"></testcase><testcase classname="apache_beam.examples.complete.estimate_pi_test.EstimatePiTest" name="test_basics" time="0.663"></testcase><testcase classname="apache_beam.examples.complete.tfidf_test.TfIdfTest" name="test_basics" time="1.064"><system-err><![CDATA[/Users/yifanzou/myGit/beam/sdks/python/apache_beam/examples/complete/tfidf_test.py:84: FutureWarning: open_shards is experimental.
  temp_folder, 'result-*-of-*')) as result_file:
]]></system-err></testcase><testcase classname="apache_beam.examples.complete.tfidf_test.TfIdfTest" name="test_tfidf_transform" time="0.814"></testcase><testcase classname="apache_beam.examples.complete.top_wikipedia_sessions_test.ComputeTopSessionsTest" name="test_compute_top_sessions" time="0.335"></testcase><testcase classname="apache_beam.examples.cookbook.bigquery_side_input_test.BigQuerySideInputTest" name="test_create_groups" time="0.311"></testcase><testcase classname="apache_beam.examples.cookbook.bigquery_tornadoes_it_test.BigqueryTornadoesIT" name="test_bigquery_tornadoes_it" time="0.001"><skipped type="unittest.case.SkipTest" message="IT is skipped because --test-pipeline-options is not specified"><![CDATA[SkipTest: IT is skipped because --test-pipeline-options is not specified
]]></skipped></testcase><testcase classname="apache_beam.examples.cookbook.bigquery_tornadoes_test.BigQueryTornadoesTest" name="test_basics" time="0.213"></testcase><testcase classname="apache_beam.examples.cookbook.coders_test.CodersTest" name="test_compute_points" time="0.201"></testcase><testcase classname="apache_beam.examples.cookbook.combiners_test.CombinersTest" name="test_combine_per_key_with_callable" time="0.203"></testcase><testcase classname="apache_beam.examples.cookbook.combiners_test.CombinersTest" name="test_combine_per_key_with_custom_callable" time="0.210"></testcase><testcase classname="apache_beam.examples.cookbook.custom_ptransform_test.CustomCountTest" name="test_count1" time="0.204"></testcase><testcase classname="apache_beam.examples.cookbook.custom_ptransform_test.CustomCountTest" name="test_count2" time="0.206"></testcase><testcase classname="apache_beam.examples.cookbook.custom_ptransform_test.CustomCountTest" name="test_count3" time="0.207"></testcase><testcase classname="apache_beam.examples.cookbook.filters_test.FiltersTest" name="test_basic" time="0.279"></testcase><testcase classname="apache_beam.examples.cookbook.filters_test.FiltersTest" name="test_basic_empty" time="0.274"></testcase><testcase classname="apache_beam.examples.cookbook.filters_test.FiltersTest" name="test_basic_empty_missing" time="0.335"></testcase><testcase classname="apache_beam.examples.cookbook.group_with_coder_test.GroupWithCoderTest" name="test_basics_with_type_check" time="0.379"><system-err><![CDATA[/Users/yifanzou/myGit/beam/sdks/python/apache_beam/examples/cookbook/group_with_coder_test.py:56: FutureWarning: open_shards is experimental.
  with open_shards(temp_path + '.result-*-of-*') as result_file:
]]></system-err></testcase><testcase classname="apache_beam.examples.cookbook.group_with_coder_test.GroupWithCoderTest" name="test_basics_without_type_check" time="0.379"></testcase><testcase classname="apache_beam.examples.cookbook.mergecontacts_test.MergeContactsTest" name="test_mergecontacts" time="1.230"><system-err><![CDATA[/Users/yifanzou/myGit/beam/sdks/python/apache_beam/examples/cookbook/mergecontacts_test.py:118: FutureWarning: open_shards is experimental.
  with open_shards('%s.tsv-*-of-*' % result_prefix) as f:
]]></system-err></testcase><testcase classname="apache_beam.examples.cookbook.multiple_output_pardo_test.MultipleOutputParDo" name="test_multiple_output_pardo" time="1.071"><system-err><![CDATA[/Users/yifanzou/myGit/beam/sdks/python/apache_beam/examples/cookbook/multiple_output_pardo_test.py:59: FutureWarning: open_shards is experimental.
  with open_shards(result_prefix + '-chars-*-of-*') as f:
]]></system-err></testcase><testcase classname="apache_beam.examples.snippets.snippets_test.CombineTest" name="test_bounded_sum" time="0.257"></testcase><testcase classname="apache_beam.examples.snippets.snippets_test.CombineTest" name="test_combine_concat" time="0.254"></testcase><testcase classname="apache_beam.examples.snippets.snippets_test.CombineTest" name="test_combine_per_key" time="0.073"></testcase><testcase classname="apache_beam.examples.snippets.snippets_test.CombineTest" name="test_combine_reduce" time="0.126"></testcase><testcase classname="apache_beam.examples.snippets.snippets_test.CombineTest" name="test_combine_values" time="0.126"></testcase><testcase classname="apache_beam.examples.snippets.snippets_test.CombineTest" name="test_count" time="0.094"></testcase><testcase classname="apache_beam.examples.snippets.snippets_test.CombineTest" name="test_custom_average" time="0.158"></testcase><testcase classname="apache_beam.examples.snippets.snippets_test.CombineTest" name="test_global_sum" time="0.121"></testcase><testcase classname="apache_beam.examples.snippets.snippets_test.CombineTest" name="test_keys" time="0.049"></testcase><testcase classname="apache_beam.examples.snippets.snippets_test.CombineTest" name="test_setting_fixed_windows" time="0.211"></testcase><testcase classname="apache_beam.examples.snippets.snippets_test.CombineTest" name="test_setting_global_window" time="0.207"></testcase><testcase classname="apache_beam.examples.snippets.snippets_test.CombineTest" name="test_setting_session_windows" time="0.216"></testcase><testcase classname="apache_beam.examples.snippets.snippets_test.CombineTest" name="test_setting_sliding_windows" time="0.278"></testcase><testcase classname="apache_beam.examples.snippets.snippets_test.CombineTest" name="test_setting_timestamp" time="0.218"></testcase><testcase classname="apache_beam.examples.snippets.snippets_test.PTransformTest" name="test_composite" time="0.163"></testcase><testcase classname="apache_beam.examples.snippets.snippets_test.ParDoTest" name="test_pardo" time="0.042"></testcase><testcase classname="apache_beam.examples.snippets.snippets_test.ParDoTest" name="test_pardo_side_input" time="0.550"></testcase><testcase classname="apache_beam.examples.snippets.snippets_test.ParDoTest" name="test_pardo_side_input_dofn" time="0.042"></testcase><testcase classname="apache_beam.examples.snippets.snippets_test.ParDoTest" name="test_pardo_using_flatmap" time="0.044"></testcase><testcase classname="apache_beam.examples.snippets.snippets_test.ParDoTest" name="test_pardo_using_flatmap_yield" time="0.040"></testcase><testcase classname="apache_beam.examples.snippets.snippets_test.ParDoTest" name="test_pardo_using_map" time="0.039"></testcase><testcase classname="apache_beam.examples.snippets.snippets_test.ParDoTest" name="test_pardo_with_label" time="0.047"></testcase><testcase classname="apache_beam.examples.snippets.snippets_test.ParDoTest" name="test_pardo_with_tagged_outputs" time="0.148"></testcase><testcase classname="apache_beam.examples.snippets.snippets_test.ParDoTest" name="test_pardo_with_undeclared_outputs" time="0.463"></testcase><testcase classname="apache_beam.examples.snippets.snippets_test.ParDoTest" name="test_pardo_yield" time="0.047"></testcase><testcase classname="apache_beam.examples.snippets.snippets_test.SnippetsTest" name="test_construct_pipeline" time="0.086"></testcase><testcase classname="apache_beam.examples.snippets.snippets_test.SnippetsTest" name="test_examples_ptransforms_templated" time="0.081"></testcase><testcase classname="apache_beam.examples.snippets.snippets_test.SnippetsTest" name="test_examples_wordcount" time="1.047"></testcase><testcase classname="apache_beam.examples.snippets.snippets_test.SnippetsTest" name="test_examples_wordcount_debugging" time="0.552"></testcase><testcase classname="apache_beam.examples.snippets.snippets_test.SnippetsTest" name="test_examples_wordcount_streaming" time="0.000"><skipped type="unittest.case.SkipTest" message="GCP dependencies are not installed"><![CDATA[SkipTest: GCP dependencies are not installed
]]></skipped></testcase><testcase classname="apache_beam.examples.snippets.snippets_test.SnippetsTest" name="test_model_bigqueryio" time="0.000"><skipped type="unittest.case.SkipTest" message="GCP dependencies are not installed"><![CDATA[SkipTest: GCP dependencies are not installed
]]></skipped></testcase><testcase classname="apache_beam.examples.snippets.snippets_test.SnippetsTest" name="test_model_co_group_by_key_tuple" time="0.134"></testcase><testcase classname="apache_beam.examples.snippets.snippets_test.SnippetsTest" name="test_model_composite_transform_example" time="0.125"></testcase><testcase classname="apache_beam.examples.snippets.snippets_test.SnippetsTest" name="test_model_composite_triggers" time="0.215"><system-err><![CDATA[/Users/yifanzou/myGit/beam/sdks/python/apache_beam/runners/direct/direct_runner.py:343: DeprecationWarning: options is deprecated since First stable release.. References to <pipeline>.options will not be supported
  pipeline.replace_all(_get_transform_overrides(pipeline.options))
]]></system-err></testcase><testcase classname="apache_beam.examples.snippets.snippets_test.SnippetsTest" name="test_model_custom_sink" time="0.534"></testcase><testcase classname="apache_beam.examples.snippets.snippets_test.SnippetsTest" name="test_model_custom_source" time="0.392"></testcase><testcase classname="apache_beam.examples.snippets.snippets_test.SnippetsTest" name="test_model_datastoreio" time="0.000"><skipped type="unittest.case.SkipTest" message="GCP dependencies are not installed"><![CDATA[SkipTest: GCP dependencies are not installed
]]></skipped></testcase><testcase classname="apache_beam.examples.snippets.snippets_test.SnippetsTest" name="test_model_early_late_triggers" time="0.204"></testcase><testcase classname="apache_beam.examples.snippets.snippets_test.SnippetsTest" name="test_model_group_by_key" time="0.112"></testcase><testcase classname="apache_beam.examples.snippets.snippets_test.SnippetsTest" name="test_model_join_using_side_inputs" time="0.086"></testcase><testcase classname="apache_beam.examples.snippets.snippets_test.SnippetsTest" name="test_model_multiple_pcollections_flatten" time="0.073"></testcase><testcase classname="apache_beam.examples.snippets.snippets_test.SnippetsTest" name="test_model_multiple_pcollections_partition" time="0.070"></testcase><testcase classname="apache_beam.examples.snippets.snippets_test.SnippetsTest" name="test_model_other_composite_triggers" time="0.272"></testcase><testcase classname="apache_beam.examples.snippets.snippets_test.SnippetsTest" name="test_model_pcollection" time="0.041"></testcase><testcase classname="apache_beam.examples.snippets.snippets_test.SnippetsTest" name="test_model_pipelines" time="0.114"></testcase><testcase classname="apache_beam.examples.snippets.snippets_test.SnippetsTest" name="test_model_setting_trigger" time="0.169"></testcase><testcase classname="apache_beam.examples.snippets.snippets_test.SnippetsTest" name="test_model_textio" time="0.053"></testcase><testcase classname="apache_beam.examples.snippets.snippets_test.SnippetsTest" name="test_model_textio_compressed" time="0.162"></testcase><testcase classname="apache_beam.examples.snippets.snippets_test.SnippetsTest" name="test_model_use_and_query_metrics" time="0.047"></testcase><testcase classname="apache_beam.examples.snippets.snippets_test.SnippetsTest" name="test_pipeline_logging" time="0.050"></testcase><testcase classname="apache_beam.examples.snippets.snippets_test.SnippetsTest" name="test_pipeline_options_command_line" time="0.047"></testcase><testcase classname="apache_beam.examples.snippets.snippets_test.SnippetsTest" name="test_pipeline_options_local" time="0.057"></testcase><testcase classname="apache_beam.examples.snippets.snippets_test.SnippetsTest" name="test_pipeline_options_remote" time="0.064"></testcase><testcase classname="apache_beam.examples.snippets.snippets_test.TypeHintsTest" name="test_bad_types" time="0.046"></testcase><testcase classname="apache_beam.examples.snippets.snippets_test.TypeHintsTest" name="test_deterministic_key" time="0.213"></testcase><testcase classname="apache_beam.examples.snippets.snippets_test.TypeHintsTest" name="test_runtime_checks_off" time="0.013"></testcase><testcase classname="apache_beam.examples.snippets.snippets_test.TypeHintsTest" name="test_runtime_checks_on" time="0.019"></testcase><testcase classname="apache_beam.examples.streaming_wordcount_it_test.StreamingWordCountIT" name="test_streaming_wordcount_it" time="0.000"><skipped type="unittest.case.SkipTest" message="IT is skipped because --test-pipeline-options is not specified"><![CDATA[SkipTest: IT is skipped because --test-pipeline-options is not specified
]]></skipped></testcase><testcase classname="apache_beam.examples.wordcount_debugging_test.WordCountTest" name="test_basics" time="0.509"><system-err><![CDATA[/Users/yifanzou/myGit/beam/sdks/python/apache_beam/examples/wordcount_debugging_test.py:40: FutureWarning: open_shards is experimental.
  with open_shards(temp_path + '.result-*-of-*') as result_file:
]]></system-err></testcase><testcase classname="apache_beam.examples.wordcount_it_test.WordCountIT" name="test_wordcount_fnapi_it" time="0.001"><skipped type="unittest.case.SkipTest" message="IT is skipped because --test-pipeline-options is not specified"><![CDATA[SkipTest: IT is skipped because --test-pipeline-options is not specified
]]></skipped></testcase><testcase classname="apache_beam.examples.wordcount_it_test.WordCountIT" name="test_wordcount_it" time="0.000"><skipped type="unittest.case.SkipTest" message="IT is skipped because --test-pipeline-options is not specified"><![CDATA[SkipTest: IT is skipped because --test-pipeline-options is not specified
]]></skipped></testcase><testcase classname="apache_beam.examples.wordcount_minimal_test.WordCountMinimalTest" name="test_basics" time="0.386"><system-err><![CDATA[/Users/yifanzou/myGit/beam/sdks/python/apache_beam/examples/wordcount_minimal_test.py:50: FutureWarning: open_shards is experimental.
  with open_shards(temp_path + '.result-*-of-*') as result_file:
]]></system-err></testcase><testcase classname="apache_beam.examples.wordcount_test.WordCountTest" name="test_basics" time="0.378"><system-err><![CDATA[/Users/yifanzou/myGit/beam/sdks/python/apache_beam/examples/wordcount_test.py:49: FutureWarning: open_shards is experimental.
  with open_shards(temp_path + '.result-*-of-*') as result_file:
]]></system-err></testcase><testcase classname="apache_beam.internal.gcp.json_value_test.JsonValueTest" name="test_false_from" time="0.000"><skipped type="unittest.case.SkipTest" message="GCP dependencies are not installed"><![CDATA[SkipTest: GCP dependencies are not installed
]]></skipped></testcase><testcase classname="apache_beam.internal.gcp.json_value_test.JsonValueTest" name="test_false_to" time="0.000"><skipped type="unittest.case.SkipTest" message="GCP dependencies are not installed"><![CDATA[SkipTest: GCP dependencies are not installed
]]></skipped></testcase><testcase classname="apache_beam.internal.gcp.json_value_test.JsonValueTest" name="test_float_from" time="0.000"><skipped type="unittest.case.SkipTest" message="GCP dependencies are not installed"><![CDATA[SkipTest: GCP dependencies are not installed
]]></skipped></testcase><testcase classname="apache_beam.internal.gcp.json_value_test.JsonValueTest" name="test_float_to" time="0.000"><skipped type="unittest.case.SkipTest" message="GCP dependencies are not installed"><![CDATA[SkipTest: GCP dependencies are not installed
]]></skipped></testcase><testcase classname="apache_beam.internal.gcp.json_value_test.JsonValueTest" name="test_int_from" time="0.000"><skipped type="unittest.case.SkipTest" message="GCP dependencies are not installed"><![CDATA[SkipTest: GCP dependencies are not installed
]]></skipped></testcase><testcase classname="apache_beam.internal.gcp.json_value_test.JsonValueTest" name="test_int_to" time="0.000"><skipped type="unittest.case.SkipTest" message="GCP dependencies are not installed"><![CDATA[SkipTest: GCP dependencies are not installed
]]></skipped></testcase><testcase classname="apache_beam.internal.gcp.json_value_test.JsonValueTest" name="test_large_integer" time="0.000"><skipped type="unittest.case.SkipTest" message="GCP dependencies are not installed"><![CDATA[SkipTest: GCP dependencies are not installed
]]></skipped></testcase><testcase classname="apache_beam.internal.gcp.json_value_test.JsonValueTest" name="test_long_value" time="0.000"><skipped type="unittest.case.SkipTest" message="GCP dependencies are not installed"><![CDATA[SkipTest: GCP dependencies are not installed
]]></skipped></testcase><testcase classname="apache_beam.internal.gcp.json_value_test.JsonValueTest" name="test_none_from" time="0.000"><skipped type="unittest.case.SkipTest" message="GCP dependencies are not installed"><![CDATA[SkipTest: GCP dependencies are not installed
]]></skipped></testcase><testcase classname="apache_beam.internal.gcp.json_value_test.JsonValueTest" name="test_none_to" time="0.000"><skipped type="unittest.case.SkipTest" message="GCP dependencies are not installed"><![CDATA[SkipTest: GCP dependencies are not installed
]]></skipped></testcase><testcase classname="apache_beam.internal.gcp.json_value_test.JsonValueTest" name="test_runtime_value_provider_to" time="0.000"><skipped type="unittest.case.SkipTest" message="GCP dependencies are not installed"><![CDATA[SkipTest: GCP dependencies are not installed
]]></skipped></testcase><testcase classname="apache_beam.internal.gcp.json_value_test.JsonValueTest" name="test_static_value_provider_to" time="0.000"><skipped type="unittest.case.SkipTest" message="GCP dependencies are not installed"><![CDATA[SkipTest: GCP dependencies are not installed
]]></skipped></testcase><testcase classname="apache_beam.internal.gcp.json_value_test.JsonValueTest" name="test_string_from" time="0.000"><skipped type="unittest.case.SkipTest" message="GCP dependencies are not installed"><![CDATA[SkipTest: GCP dependencies are not installed
]]></skipped></testcase><testcase classname="apache_beam.internal.gcp.json_value_test.JsonValueTest" name="test_string_to" time="0.000"><skipped type="unittest.case.SkipTest" message="GCP dependencies are not installed"><![CDATA[SkipTest: GCP dependencies are not installed
]]></skipped></testcase><testcase classname="apache_beam.internal.gcp.json_value_test.JsonValueTest" name="test_too_long_value" time="0.000"><skipped type="unittest.case.SkipTest" message="GCP dependencies are not installed"><![CDATA[SkipTest: GCP dependencies are not installed
]]></skipped></testcase><testcase classname="apache_beam.internal.gcp.json_value_test.JsonValueTest" name="test_true_from" time="0.000"><skipped type="unittest.case.SkipTest" message="GCP dependencies are not installed"><![CDATA[SkipTest: GCP dependencies are not installed
]]></skipped></testcase><testcase classname="apache_beam.internal.gcp.json_value_test.JsonValueTest" name="test_true_to" time="0.000"><skipped type="unittest.case.SkipTest" message="GCP dependencies are not installed"><![CDATA[SkipTest: GCP dependencies are not installed
]]></skipped></testcase><testcase classname="apache_beam.internal.gcp.json_value_test.JsonValueTest" name="test_with_type" time="0.000"><skipped type="unittest.case.SkipTest" message="GCP dependencies are not installed"><![CDATA[SkipTest: GCP dependencies are not installed
]]></skipped></testcase><testcase classname="apache_beam.internal.pickler_test.PicklerTest" name="test_basics" time="0.001"></testcase><testcase classname="apache_beam.internal.pickler_test.PicklerTest" name="test_class" time="0.000"></testcase><testcase classname="apache_beam.internal.pickler_test.PicklerTest" name="test_dynamic_class" time="0.001"></testcase><testcase classname="apache_beam.internal.pickler_test.PicklerTest" name="test_generators" time="0.000"></testcase><testcase classname="apache_beam.internal.pickler_test.PicklerTest" name="test_lambda_with_closure" time="0.000"></testcase><testcase classname="apache_beam.internal.pickler_test.PicklerTest" name="test_lambda_with_globals" time="0.000"></testcase><testcase classname="apache_beam.internal.pickler_test.PicklerTest" name="test_lambda_with_main_globals" time="0.000"></testcase><testcase classname="apache_beam.internal.pickler_test.PicklerTest" name="test_nested_class" time="0.000"></testcase><testcase classname="apache_beam.internal.pickler_test.PicklerTest" name="test_object" time="0.000"></testcase><testcase classname="apache_beam.internal.pickler_test.PicklerTest" name="test_recursive_class" time="0.000"></testcase><testcase classname="apache_beam.internal.util_test.UtilTest" name="test_insert_values_in_args" time="0.000"></testcase><testcase classname="apache_beam.internal.util_test.UtilTest" name="test_insert_values_in_args_nothing_to_insert" time="0.000"></testcase><testcase classname="apache_beam.internal.util_test.UtilTest" name="test_remove_objects_from_args" time="0.000"></testcase><testcase classname="apache_beam.internal.util_test.UtilTest" name="test_remove_objects_from_args_nothing_to_remove" time="0.000"></testcase><testcase classname="apache_beam.io.gcp.datastore.v1.adaptive_throttler_test.AdaptiveThrottlerTest" name="test_no_initial_throttling" time="0.001"></testcase><testcase classname="apache_beam.io.gcp.datastore.v1.adaptive_throttler_test.AdaptiveThrottlerTest" name="test_no_throttling_after_errors_expire" time="0.019"></testcase><testcase classname="apache_beam.io.gcp.datastore.v1.adaptive_throttler_test.AdaptiveThrottlerTest" name="test_no_throttling_if_no_errors" time="0.001"></testcase><testcase classname="apache_beam.io.gcp.datastore.v1.adaptive_throttler_test.AdaptiveThrottlerTest" name="test_throttling_after_errors" time="0.003"></testcase><testcase classname="apache_beam.io.gcp.datastore.v1.datastoreio_test.DatastoreioTest" name="test_DatastoreWriteFn_with_batch_size_exact_multiple" time="0.000"><skipped type="unittest.case.SkipTest" message="GCP dependencies are not installed"><![CDATA[SkipTest: GCP dependencies are not installed
]]></skipped></testcase><testcase classname="apache_beam.io.gcp.datastore.v1.datastoreio_test.DatastoreioTest" name="test_DatastoreWriteFn_with_emtpy_batch" time="0.000"><skipped type="unittest.case.SkipTest" message="GCP dependencies are not installed"><![CDATA[SkipTest: GCP dependencies are not installed
]]></skipped></testcase><testcase classname="apache_beam.io.gcp.datastore.v1.datastoreio_test.DatastoreioTest" name="test_DatastoreWriteFn_with_multiple_batches" time="0.000"><skipped type="unittest.case.SkipTest" message="GCP dependencies are not installed"><![CDATA[SkipTest: GCP dependencies are not installed
]]></skipped></testcase><testcase classname="apache_beam.io.gcp.datastore.v1.datastoreio_test.DatastoreioTest" name="test_DatastoreWriteFn_with_one_batch" time="0.000"><skipped type="unittest.case.SkipTest" message="GCP dependencies are not installed"><![CDATA[SkipTest: GCP dependencies are not installed
]]></skipped></testcase><testcase classname="apache_beam.io.gcp.datastore.v1.datastoreio_test.DatastoreioTest" name="test_DatastoreWriteLargeEntities" time="0.000"><skipped type="unittest.case.SkipTest" message="GCP dependencies are not installed"><![CDATA[SkipTest: GCP dependencies are not installed
]]></skipped></testcase><testcase classname="apache_beam.io.gcp.datastore.v1.datastoreio_test.DatastoreioTest" name="test_SplitQueryFn_with_exception" time="0.000"><skipped type="unittest.case.SkipTest" message="GCP dependencies are not installed"><![CDATA[SkipTest: GCP dependencies are not installed
]]></skipped></testcase><testcase classname="apache_beam.io.gcp.datastore.v1.datastoreio_test.DatastoreioTest" name="test_SplitQueryFn_with_num_splits" time="0.000"><skipped type="unittest.case.SkipTest" message="GCP dependencies are not installed"><![CDATA[SkipTest: GCP dependencies are not installed
]]></skipped></testcase><testcase classname="apache_beam.io.gcp.datastore.v1.datastoreio_test.DatastoreioTest" name="test_SplitQueryFn_with_query_limit" time="0.000"><skipped type="unittest.case.SkipTest" message="GCP dependencies are not installed"><![CDATA[SkipTest: GCP dependencies are not installed
]]></skipped></testcase><testcase classname="apache_beam.io.gcp.datastore.v1.datastoreio_test.DatastoreioTest" name="test_SplitQueryFn_without_num_splits" time="0.000"><skipped type="unittest.case.SkipTest" message="GCP dependencies are not installed"><![CDATA[SkipTest: GCP dependencies are not installed
]]></skipped></testcase><testcase classname="apache_beam.io.gcp.datastore.v1.datastoreio_test.DatastoreioTest" name="test_get_estimated_size_bytes_with_namespace" time="0.000"><skipped type="unittest.case.SkipTest" message="GCP dependencies are not installed"><![CDATA[SkipTest: GCP dependencies are not installed
]]></skipped></testcase><testcase classname="apache_beam.io.gcp.datastore.v1.datastoreio_test.DatastoreioTest" name="test_get_estimated_size_bytes_without_namespace" time="0.000"><skipped type="unittest.case.SkipTest" message="GCP dependencies are not installed"><![CDATA[SkipTest: GCP dependencies are not installed
]]></skipped></testcase><testcase classname="apache_beam.io.gcp.datastore.v1.datastoreio_test.DynamicWriteBatcherTest" name="test_fast_queries" time="0.000"><skipped type="unittest.case.SkipTest" message="GCP dependencies are not installed"><![CDATA[SkipTest: GCP dependencies are not installed
]]></skipped></testcase><testcase classname="apache_beam.io.gcp.datastore.v1.datastoreio_test.DynamicWriteBatcherTest" name="test_no_data" time="0.000"><skipped type="unittest.case.SkipTest" message="GCP dependencies are not installed"><![CDATA[SkipTest: GCP dependencies are not installed
]]></skipped></testcase><testcase classname="apache_beam.io.gcp.datastore.v1.datastoreio_test.DynamicWriteBatcherTest" name="test_size_not_below_minimum" time="0.000"><skipped type="unittest.case.SkipTest" message="GCP dependencies are not installed"><![CDATA[SkipTest: GCP dependencies are not installed
]]></skipped></testcase><testcase classname="apache_beam.io.gcp.datastore.v1.datastoreio_test.DynamicWriteBatcherTest" name="test_sliding_window" time="0.000"><skipped type="unittest.case.SkipTest" message="GCP dependencies are not installed"><![CDATA[SkipTest: GCP dependencies are not installed
]]></skipped></testcase><testcase classname="apache_beam.io.gcp.datastore.v1.datastoreio_test.DynamicWriteBatcherTest" name="test_slow_queries" time="0.000"><skipped type="unittest.case.SkipTest" message="GCP dependencies are not installed"><![CDATA[SkipTest: GCP dependencies are not installed
]]></skipped></testcase><testcase classname="apache_beam.io.gcp.datastore.v1.helper_test.HelperTest" name="test_compare_path_of_different_type" time="0.000"><skipped type="unittest.case.SkipTest" message="GCP dependencies are not installed"><![CDATA[SkipTest: GCP dependencies are not installed
]]></skipped></testcase><testcase classname="apache_beam.io.gcp.datastore.v1.helper_test.HelperTest" name="test_compare_path_with_different_id" time="0.000"><skipped type="unittest.case.SkipTest" message="GCP dependencies are not installed"><![CDATA[SkipTest: GCP dependencies are not installed
]]></skipped></testcase><testcase classname="apache_beam.io.gcp.datastore.v1.helper_test.HelperTest" name="test_compare_path_with_different_kind" time="0.000"><skipped type="unittest.case.SkipTest" message="GCP dependencies are not installed"><![CDATA[SkipTest: GCP dependencies are not installed
]]></skipped></testcase><testcase classname="apache_beam.io.gcp.datastore.v1.helper_test.HelperTest" name="test_compare_path_with_different_name" time="0.000"><skipped type="unittest.case.SkipTest" message="GCP dependencies are not installed"><![CDATA[SkipTest: GCP dependencies are not installed
]]></skipped></testcase><testcase classname="apache_beam.io.gcp.datastore.v1.helper_test.HelperTest" name="test_is_key_valid" time="0.000"><skipped type="unittest.case.SkipTest" message="GCP dependencies are not installed"><![CDATA[SkipTest: GCP dependencies are not installed
]]></skipped></testcase><testcase classname="apache_beam.io.gcp.datastore.v1.helper_test.HelperTest" name="test_key_comparator_with_different_partition" time="0.000"><skipped type="unittest.case.SkipTest" message="GCP dependencies are not installed"><![CDATA[SkipTest: GCP dependencies are not installed
]]></skipped></testcase><testcase classname="apache_beam.io.gcp.datastore.v1.helper_test.HelperTest" name="test_key_comparator_with_multiple_paths_1" time="0.000"><skipped type="unittest.case.SkipTest" message="GCP dependencies are not installed"><![CDATA[SkipTest: GCP dependencies are not installed
]]></skipped></testcase><testcase classname="apache_beam.io.gcp.datastore.v1.helper_test.HelperTest" name="test_key_comparator_with_multiple_paths_2" time="0.000"><skipped type="unittest.case.SkipTest" message="GCP dependencies are not installed"><![CDATA[SkipTest: GCP dependencies are not installed
]]></skipped></testcase><testcase classname="apache_beam.io.gcp.datastore.v1.helper_test.HelperTest" name="test_key_comparator_with_multiple_paths_3" time="0.000"><skipped type="unittest.case.SkipTest" message="GCP dependencies are not installed"><![CDATA[SkipTest: GCP dependencies are not installed
]]></skipped></testcase><testcase classname="apache_beam.io.gcp.datastore.v1.helper_test.HelperTest" name="test_key_comparator_with_multiple_paths_4" time="0.000"><skipped type="unittest.case.SkipTest" message="GCP dependencies are not installed"><![CDATA[SkipTest: GCP dependencies are not installed
]]></skipped></testcase><testcase classname="apache_beam.io.gcp.datastore.v1.helper_test.HelperTest" name="test_key_comparator_with_single_path" time="0.000"><skipped type="unittest.case.SkipTest" message="GCP dependencies are not installed"><![CDATA[SkipTest: GCP dependencies are not installed
]]></skipped></testcase><testcase classname="apache_beam.io.gcp.datastore.v1.helper_test.HelperTest" name="test_query_iterator" time="0.000"><skipped type="unittest.case.SkipTest" message="GCP dependencies are not installed"><![CDATA[SkipTest: GCP dependencies are not installed
]]></skipped></testcase><testcase classname="apache_beam.io.gcp.datastore.v1.helper_test.HelperTest" name="test_query_iterator_with_exact_batch_multiple" time="0.000"><skipped type="unittest.case.SkipTest" message="GCP dependencies are not installed"><![CDATA[SkipTest: GCP dependencies are not installed
]]></skipped></testcase><testcase classname="apache_beam.io.gcp.datastore.v1.helper_test.HelperTest" name="test_query_iterator_with_large_query_limit" time="0.000"><skipped type="unittest.case.SkipTest" message="GCP dependencies are not installed"><![CDATA[SkipTest: GCP dependencies are not installed
]]></skipped></testcase><testcase classname="apache_beam.io.gcp.datastore.v1.helper_test.HelperTest" name="test_query_iterator_with_multiple_batches" time="0.000"><skipped type="unittest.case.SkipTest" message="GCP dependencies are not installed"><![CDATA[SkipTest: GCP dependencies are not installed
]]></skipped></testcase><testcase classname="apache_beam.io.gcp.datastore.v1.helper_test.HelperTest" name="test_query_iterator_with_non_retriable_failures" time="0.000"><skipped type="unittest.case.SkipTest" message="GCP dependencies are not installed"><![CDATA[SkipTest: GCP dependencies are not installed
]]></skipped></testcase><testcase classname="apache_beam.io.gcp.datastore.v1.helper_test.HelperTest" name="test_query_iterator_with_query_limit" time="0.000"><skipped type="unittest.case.SkipTest" message="GCP dependencies are not installed"><![CDATA[SkipTest: GCP dependencies are not installed
]]></skipped></testcase><testcase classname="apache_beam.io.gcp.datastore.v1.helper_test.HelperTest" name="test_query_iterator_with_single_batch" time="0.000"><skipped type="unittest.case.SkipTest" message="GCP dependencies are not installed"><![CDATA[SkipTest: GCP dependencies are not installed
]]></skipped></testcase><testcase classname="apache_beam.io.gcp.datastore.v1.helper_test.HelperTest" name="test_query_iterator_with_transient_failures" time="0.000"><skipped type="unittest.case.SkipTest" message="GCP dependencies are not installed"><![CDATA[SkipTest: GCP dependencies are not installed
]]></skipped></testcase><testcase classname="apache_beam.io.gcp.datastore.v1.query_splitter_test.QuerySplitterTest" name="test_create_scatter_query" time="0.000"><skipped type="unittest.case.SkipTest" message="GCP dependencies are not installed"><![CDATA[SkipTest: GCP dependencies are not installed
]]></skipped></testcase><testcase classname="apache_beam.io.gcp.datastore.v1.query_splitter_test.QuerySplitterTest" name="test_get_splits_query_with_limit" time="0.000"><skipped type="unittest.case.SkipTest" message="GCP dependencies are not installed"><![CDATA[SkipTest: GCP dependencies are not installed
]]></skipped></testcase><testcase classname="apache_beam.io.gcp.datastore.v1.query_splitter_test.QuerySplitterTest" name="test_get_splits_query_with_multiple_kinds" time="0.000"><skipped type="unittest.case.SkipTest" message="GCP dependencies are not installed"><![CDATA[SkipTest: GCP dependencies are not installed
]]></skipped></testcase><testcase classname="apache_beam.io.gcp.datastore.v1.query_splitter_test.QuerySplitterTest" name="test_get_splits_query_with_offset" time="0.000"><skipped type="unittest.case.SkipTest" message="GCP dependencies are not installed"><![CDATA[SkipTest: GCP dependencies are not installed
]]></skipped></testcase><testcase classname="apache_beam.io.gcp.datastore.v1.query_splitter_test.QuerySplitterTest" name="test_get_splits_query_with_order" time="0.000"><skipped type="unittest.case.SkipTest" message="GCP dependencies are not installed"><![CDATA[SkipTest: GCP dependencies are not installed
]]></skipped></testcase><testcase classname="apache_beam.io.gcp.datastore.v1.query_splitter_test.QuerySplitterTest" name="test_get_splits_query_with_unsupported_filter" time="0.000"><skipped type="unittest.case.SkipTest" message="GCP dependencies are not installed"><![CDATA[SkipTest: GCP dependencies are not installed
]]></skipped></testcase><testcase classname="apache_beam.io.gcp.datastore.v1.query_splitter_test.QuerySplitterTest" name="test_get_splits_with_batch_size_exact_multiple" time="0.000"><skipped type="unittest.case.SkipTest" message="GCP dependencies are not installed"><![CDATA[SkipTest: GCP dependencies are not installed
]]></skipped></testcase><testcase classname="apache_beam.io.gcp.datastore.v1.query_splitter_test.QuerySplitterTest" name="test_get_splits_with_large_batch_size" time="0.000"><skipped type="unittest.case.SkipTest" message="GCP dependencies are not installed"><![CDATA[SkipTest: GCP dependencies are not installed
]]></skipped></testcase><testcase classname="apache_beam.io.gcp.datastore.v1.query_splitter_test.QuerySplitterTest" name="test_get_splits_with_large_num_splits" time="0.000"><skipped type="unittest.case.SkipTest" message="GCP dependencies are not installed"><![CDATA[SkipTest: GCP dependencies are not installed
]]></skipped></testcase><testcase classname="apache_beam.io.gcp.datastore.v1.query_splitter_test.QuerySplitterTest" name="test_get_splits_with_multiple_splits" time="0.000"><skipped type="unittest.case.SkipTest" message="GCP dependencies are not installed"><![CDATA[SkipTest: GCP dependencies are not installed
]]></skipped></testcase><testcase classname="apache_beam.io.gcp.datastore.v1.query_splitter_test.QuerySplitterTest" name="test_get_splits_with_small_num_entities" time="0.000"><skipped type="unittest.case.SkipTest" message="GCP dependencies are not installed"><![CDATA[SkipTest: GCP dependencies are not installed
]]></skipped></testcase><testcase classname="apache_beam.io.gcp.datastore.v1.query_splitter_test.QuerySplitterTest" name="test_get_splits_with_two_splits" time="0.000"><skipped type="unittest.case.SkipTest" message="GCP dependencies are not installed"><![CDATA[SkipTest: GCP dependencies are not installed
]]></skipped></testcase><testcase classname="apache_beam.io.gcp.datastore.v1.util_test.MovingSumTest" name="test_aggregates_within_window" time="0.000"></testcase><testcase classname="apache_beam.io.gcp.datastore.v1.util_test.MovingSumTest" name="test_bad_bucket_size" time="0.000"></testcase><testcase classname="apache_beam.io.gcp.datastore.v1.util_test.MovingSumTest" name="test_bad_window_size" time="0.000"></testcase><testcase classname="apache_beam.io.gcp.datastore.v1.util_test.MovingSumTest" name="test_data_expires_from_moving_window" time="0.000"></testcase><testcase classname="apache_beam.io.gcp.datastore.v1.util_test.MovingSumTest" name="test_no_data" time="0.000"></testcase><testcase classname="apache_beam.io.gcp.datastore.v1.util_test.MovingSumTest" name="test_one_data_point" time="0.000"></testcase><testcase classname="apache_beam.io.gcp.bigquery_test.TestBigQueryReader" name="get_test_rows" time="0.000"><skipped type="unittest.case.SkipTest" message="GCP dependencies are not installed"><![CDATA[SkipTest: GCP dependencies are not installed
]]></skipped></testcase><testcase classname="apache_beam.io.gcp.bigquery_test.TestBigQueryReader" name="test_read_from_query" time="0.000"><skipped type="unittest.case.SkipTest" message="GCP dependencies are not installed"><![CDATA[SkipTest: GCP dependencies are not installed
]]></skipped></testcase><testcase classname="apache_beam.io.gcp.bigquery_test.TestBigQueryReader" name="test_read_from_query_sql_format" time="0.000"><skipped type="unittest.case.SkipTest" message="GCP dependencies are not installed"><![CDATA[SkipTest: GCP dependencies are not installed
]]></skipped></testcase><testcase classname="apache_beam.io.gcp.bigquery_test.TestBigQueryReader" name="test_read_from_query_unflatten_records" time="0.000"><skipped type="unittest.case.SkipTest" message="GCP dependencies are not installed"><![CDATA[SkipTest: GCP dependencies are not installed
]]></skipped></testcase><testcase classname="apache_beam.io.gcp.bigquery_test.TestBigQueryReader" name="test_read_from_table" time="0.000"><skipped type="unittest.case.SkipTest" message="GCP dependencies are not installed"><![CDATA[SkipTest: GCP dependencies are not installed
]]></skipped></testcase><testcase classname="apache_beam.io.gcp.bigquery_test.TestBigQueryReader" name="test_read_from_table_and_job_complete_retry" time="0.000"><skipped type="unittest.case.SkipTest" message="GCP dependencies are not installed"><![CDATA[SkipTest: GCP dependencies are not installed
]]></skipped></testcase><testcase classname="apache_beam.io.gcp.bigquery_test.TestBigQueryReader" name="test_read_from_table_and_multiple_pages" time="0.000"><skipped type="unittest.case.SkipTest" message="GCP dependencies are not installed"><![CDATA[SkipTest: GCP dependencies are not installed
]]></skipped></testcase><testcase classname="apache_beam.io.gcp.bigquery_test.TestBigQueryReader" name="test_read_from_table_as_tablerows" time="0.000"><skipped type="unittest.case.SkipTest" message="GCP dependencies are not installed"><![CDATA[SkipTest: GCP dependencies are not installed
]]></skipped></testcase><testcase classname="apache_beam.io.gcp.bigquery_test.TestBigQueryReader" name="test_table_schema_without_project" time="0.000"><skipped type="unittest.case.SkipTest" message="GCP dependencies are not installed"><![CDATA[SkipTest: GCP dependencies are not installed
]]></skipped></testcase><testcase classname="apache_beam.io.gcp.bigquery_test.TestBigQueryReader" name="test_using_both_query_and_table_fails" time="0.000"><skipped type="unittest.case.SkipTest" message="GCP dependencies are not installed"><![CDATA[SkipTest: GCP dependencies are not installed
]]></skipped></testcase><testcase classname="apache_beam.io.gcp.bigquery_test.TestBigQueryReader" name="test_using_neither_query_nor_table_fails" time="0.000"><skipped type="unittest.case.SkipTest" message="GCP dependencies are not installed"><![CDATA[SkipTest: GCP dependencies are not installed
]]></skipped></testcase><testcase classname="apache_beam.io.gcp.bigquery_test.TestBigQuerySink" name="test_nested_schema_as_json" time="0.000"><skipped type="unittest.case.SkipTest" message="GCP dependencies are not installed"><![CDATA[SkipTest: GCP dependencies are not installed
]]></skipped></testcase><testcase classname="apache_beam.io.gcp.bigquery_test.TestBigQuerySink" name="test_parse_schema_descriptor" time="0.000"><skipped type="unittest.case.SkipTest" message="GCP dependencies are not installed"><![CDATA[SkipTest: GCP dependencies are not installed
]]></skipped></testcase><testcase classname="apache_beam.io.gcp.bigquery_test.TestBigQuerySink" name="test_project_table_display_data" time="0.000"><skipped type="unittest.case.SkipTest" message="GCP dependencies are not installed"><![CDATA[SkipTest: GCP dependencies are not installed
]]></skipped></testcase><testcase classname="apache_beam.io.gcp.bigquery_test.TestBigQuerySink" name="test_simple_schema_as_json" time="0.000"><skipped type="unittest.case.SkipTest" message="GCP dependencies are not installed"><![CDATA[SkipTest: GCP dependencies are not installed
]]></skipped></testcase><testcase classname="apache_beam.io.gcp.bigquery_test.TestBigQuerySink" name="test_table_spec_display_data" time="0.000"><skipped type="unittest.case.SkipTest" message="GCP dependencies are not installed"><![CDATA[SkipTest: GCP dependencies are not installed
]]></skipped></testcase><testcase classname="apache_beam.io.gcp.bigquery_test.TestBigQuerySource" name="test_date_partitioned_table_name" time="0.000"><skipped type="unittest.case.SkipTest" message="GCP dependencies are not installed"><![CDATA[SkipTest: GCP dependencies are not installed
]]></skipped></testcase><testcase classname="apache_beam.io.gcp.bigquery_test.TestBigQuerySource" name="test_display_data_item_on_validate_true" time="0.000"><skipped type="unittest.case.SkipTest" message="GCP dependencies are not installed"><![CDATA[SkipTest: GCP dependencies are not installed
]]></skipped></testcase><testcase classname="apache_beam.io.gcp.bigquery_test.TestBigQuerySource" name="test_parse_table_reference" time="0.000"><skipped type="unittest.case.SkipTest" message="GCP dependencies are not installed"><![CDATA[SkipTest: GCP dependencies are not installed
]]></skipped></testcase><testcase classname="apache_beam.io.gcp.bigquery_test.TestBigQuerySource" name="test_query_only_display_data" time="0.000"><skipped type="unittest.case.SkipTest" message="GCP dependencies are not installed"><![CDATA[SkipTest: GCP dependencies are not installed
]]></skipped></testcase><testcase classname="apache_beam.io.gcp.bigquery_test.TestBigQuerySource" name="test_specify_query_flattened_records" time="0.000"><skipped type="unittest.case.SkipTest" message="GCP dependencies are not installed"><![CDATA[SkipTest: GCP dependencies are not installed
]]></skipped></testcase><testcase classname="apache_beam.io.gcp.bigquery_test.TestBigQuerySource" name="test_specify_query_sql_format" time="0.000"><skipped type="unittest.case.SkipTest" message="GCP dependencies are not installed"><![CDATA[SkipTest: GCP dependencies are not installed
]]></skipped></testcase><testcase classname="apache_beam.io.gcp.bigquery_test.TestBigQuerySource" name="test_specify_query_unflattened_records" time="0.000"><skipped type="unittest.case.SkipTest" message="GCP dependencies are not installed"><![CDATA[SkipTest: GCP dependencies are not installed
]]></skipped></testcase><testcase classname="apache_beam.io.gcp.bigquery_test.TestBigQuerySource" name="test_specify_query_without_table" time="0.000"><skipped type="unittest.case.SkipTest" message="GCP dependencies are not installed"><![CDATA[SkipTest: GCP dependencies are not installed
]]></skipped></testcase><testcase classname="apache_beam.io.gcp.bigquery_test.TestBigQuerySource" name="test_table_reference_display_data" time="0.000"><skipped type="unittest.case.SkipTest" message="GCP dependencies are not installed"><![CDATA[SkipTest: GCP dependencies are not installed
]]></skipped></testcase><testcase classname="apache_beam.io.gcp.bigquery_test.TestBigQueryWrapper" name="test_delete_dataset_retries_fail" time="0.000"><skipped type="unittest.case.SkipTest" message="GCP dependencies are not installed"><![CDATA[SkipTest: GCP dependencies are not installed
]]></skipped></testcase><testcase classname="apache_beam.io.gcp.bigquery_test.TestBigQueryWrapper" name="test_delete_dataset_retries_for_timeouts" time="0.000"><skipped type="unittest.case.SkipTest" message="GCP dependencies are not installed"><![CDATA[SkipTest: GCP dependencies are not installed
]]></skipped></testcase><testcase classname="apache_beam.io.gcp.bigquery_test.TestBigQueryWrapper" name="test_delete_non_existing_dataset" time="0.000"><skipped type="unittest.case.SkipTest" message="GCP dependencies are not installed"><![CDATA[SkipTest: GCP dependencies are not installed
]]></skipped></testcase><testcase classname="apache_beam.io.gcp.bigquery_test.TestBigQueryWrapper" name="test_delete_non_existing_table" time="0.000"><skipped type="unittest.case.SkipTest" message="GCP dependencies are not installed"><![CDATA[SkipTest: GCP dependencies are not installed
]]></skipped></testcase><testcase classname="apache_beam.io.gcp.bigquery_test.TestBigQueryWrapper" name="test_delete_table_retries_fail" time="0.000"><skipped type="unittest.case.SkipTest" message="GCP dependencies are not installed"><![CDATA[SkipTest: GCP dependencies are not installed
]]></skipped></testcase><testcase classname="apache_beam.io.gcp.bigquery_test.TestBigQueryWrapper" name="test_delete_table_retries_for_timeouts" time="0.000"><skipped type="unittest.case.SkipTest" message="GCP dependencies are not installed"><![CDATA[SkipTest: GCP dependencies are not installed
]]></skipped></testcase><testcase classname="apache_beam.io.gcp.bigquery_test.TestBigQueryWrapper" name="test_get_or_create_dataset_created" time="0.000"><skipped type="unittest.case.SkipTest" message="GCP dependencies are not installed"><![CDATA[SkipTest: GCP dependencies are not installed
]]></skipped></testcase><testcase classname="apache_beam.io.gcp.bigquery_test.TestBigQueryWrapper" name="test_get_or_create_dataset_fetched" time="0.000"><skipped type="unittest.case.SkipTest" message="GCP dependencies are not installed"><![CDATA[SkipTest: GCP dependencies are not installed
]]></skipped></testcase><testcase classname="apache_beam.io.gcp.bigquery_test.TestBigQueryWrapper" name="test_temporary_dataset_is_unique" time="0.000"><skipped type="unittest.case.SkipTest" message="GCP dependencies are not installed"><![CDATA[SkipTest: GCP dependencies are not installed
]]></skipped></testcase><testcase classname="apache_beam.io.gcp.bigquery_test.TestBigQueryWriter" name="test_no_table_and_create_if_needed" time="0.000"><skipped type="unittest.case.SkipTest" message="GCP dependencies are not installed"><![CDATA[SkipTest: GCP dependencies are not installed
]]></skipped></testcase><testcase classname="apache_beam.io.gcp.bigquery_test.TestBigQueryWriter" name="test_no_table_and_create_if_needed_and_no_schema" time="0.000"><skipped type="unittest.case.SkipTest" message="GCP dependencies are not installed"><![CDATA[SkipTest: GCP dependencies are not installed
]]></skipped></testcase><testcase classname="apache_beam.io.gcp.bigquery_test.TestBigQueryWriter" name="test_no_table_and_create_never" time="0.000"><skipped type="unittest.case.SkipTest" message="GCP dependencies are not installed"><![CDATA[SkipTest: GCP dependencies are not installed
]]></skipped></testcase><testcase classname="apache_beam.io.gcp.bigquery_test.TestBigQueryWriter" name="test_rows_are_written" time="0.000"><skipped type="unittest.case.SkipTest" message="GCP dependencies are not installed"><![CDATA[SkipTest: GCP dependencies are not installed
]]></skipped></testcase><testcase classname="apache_beam.io.gcp.bigquery_test.TestBigQueryWriter" name="test_table_empty_and_write_disposition_empty" time="0.000"><skipped type="unittest.case.SkipTest" message="GCP dependencies are not installed"><![CDATA[SkipTest: GCP dependencies are not installed
]]></skipped></testcase><testcase classname="apache_beam.io.gcp.bigquery_test.TestBigQueryWriter" name="test_table_not_empty_and_write_disposition_empty" time="0.000"><skipped type="unittest.case.SkipTest" message="GCP dependencies are not installed"><![CDATA[SkipTest: GCP dependencies are not installed
]]></skipped></testcase><testcase classname="apache_beam.io.gcp.bigquery_test.TestBigQueryWriter" name="test_table_schema_without_project" time="0.000"><skipped type="unittest.case.SkipTest" message="GCP dependencies are not installed"><![CDATA[SkipTest: GCP dependencies are not installed
]]></skipped></testcase><testcase classname="apache_beam.io.gcp.bigquery_test.TestBigQueryWriter" name="test_table_with_write_disposition_append" time="0.000"><skipped type="unittest.case.SkipTest" message="GCP dependencies are not installed"><![CDATA[SkipTest: GCP dependencies are not installed
]]></skipped></testcase><testcase classname="apache_beam.io.gcp.bigquery_test.TestBigQueryWriter" name="test_table_with_write_disposition_truncate" time="0.000"><skipped type="unittest.case.SkipTest" message="GCP dependencies are not installed"><![CDATA[SkipTest: GCP dependencies are not installed
]]></skipped></testcase><testcase classname="apache_beam.io.gcp.bigquery_test.TestRowAsDictJsonCoder" name="test_invalid_json_inf" time="0.000"><skipped type="unittest.case.SkipTest" message="GCP dependencies are not installed"><![CDATA[SkipTest: GCP dependencies are not installed
]]></skipped></testcase><testcase classname="apache_beam.io.gcp.bigquery_test.TestRowAsDictJsonCoder" name="test_invalid_json_nan" time="0.000"><skipped type="unittest.case.SkipTest" message="GCP dependencies are not installed"><![CDATA[SkipTest: GCP dependencies are not installed
]]></skipped></testcase><testcase classname="apache_beam.io.gcp.bigquery_test.TestRowAsDictJsonCoder" name="test_invalid_json_neg_inf" time="0.000"><skipped type="unittest.case.SkipTest" message="GCP dependencies are not installed"><![CDATA[SkipTest: GCP dependencies are not installed
]]></skipped></testcase><testcase classname="apache_beam.io.gcp.bigquery_test.TestRowAsDictJsonCoder" name="test_row_as_dict" time="0.000"><skipped type="unittest.case.SkipTest" message="GCP dependencies are not installed"><![CDATA[SkipTest: GCP dependencies are not installed
]]></skipped></testcase><testcase classname="apache_beam.io.gcp.bigquery_test.TestTableRowJsonCoder" name="test_invalid_json_inf" time="0.000"><skipped type="unittest.case.SkipTest" message="GCP dependencies are not installed"><![CDATA[SkipTest: GCP dependencies are not installed
]]></skipped></testcase><testcase classname="apache_beam.io.gcp.bigquery_test.TestTableRowJsonCoder" name="test_invalid_json_nan" time="0.000"><skipped type="unittest.case.SkipTest" message="GCP dependencies are not installed"><![CDATA[SkipTest: GCP dependencies are not installed
]]></skipped></testcase><testcase classname="apache_beam.io.gcp.bigquery_test.TestTableRowJsonCoder" name="test_invalid_json_neg_inf" time="0.000"><skipped type="unittest.case.SkipTest" message="GCP dependencies are not installed"><![CDATA[SkipTest: GCP dependencies are not installed
]]></skipped></testcase><testcase classname="apache_beam.io.gcp.bigquery_test.TestTableRowJsonCoder" name="test_row_and_no_schema" time="0.000"><skipped type="unittest.case.SkipTest" message="GCP dependencies are not installed"><![CDATA[SkipTest: GCP dependencies are not installed
]]></skipped></testcase><testcase classname="apache_beam.io.gcp.bigquery_test.TestTableRowJsonCoder" name="test_row_as_table_row" time="0.000"><skipped type="unittest.case.SkipTest" message="GCP dependencies are not installed"><![CDATA[SkipTest: GCP dependencies are not installed
]]></skipped></testcase><testcase classname="apache_beam.io.gcp.bigquery_test.TestTableSchemaParser" name="test_parse_table_schema_from_json" time="0.000"><skipped type="unittest.case.SkipTest" message="GCP dependencies are not installed"><![CDATA[SkipTest: GCP dependencies are not installed
]]></skipped></testcase><testcase classname="apache_beam.io.gcp.bigquery_test.WriteToBigQuery" name="test_dict_schema_parsing" time="0.000"><skipped type="unittest.case.SkipTest" message="GCP dependencies are not installed"><![CDATA[SkipTest: GCP dependencies are not installed
]]></skipped></testcase><testcase classname="apache_beam.io.gcp.bigquery_test.WriteToBigQuery" name="test_dofn_client_finish_bundle_flush_called" time="0.000"><skipped type="unittest.case.SkipTest" message="GCP dependencies are not installed"><![CDATA[SkipTest: GCP dependencies are not installed
]]></skipped></testcase><testcase classname="apache_beam.io.gcp.bigquery_test.WriteToBigQuery" name="test_dofn_client_no_records" time="0.000"><skipped type="unittest.case.SkipTest" message="GCP dependencies are not installed"><![CDATA[SkipTest: GCP dependencies are not installed
]]></skipped></testcase><testcase classname="apache_beam.io.gcp.bigquery_test.WriteToBigQuery" name="test_dofn_client_process_flush_called" time="0.000"><skipped type="unittest.case.SkipTest" message="GCP dependencies are not installed"><![CDATA[SkipTest: GCP dependencies are not installed
]]></skipped></testcase><testcase classname="apache_beam.io.gcp.bigquery_test.WriteToBigQuery" name="test_dofn_client_process_performs_batching" time="0.000"><skipped type="unittest.case.SkipTest" message="GCP dependencies are not installed"><![CDATA[SkipTest: GCP dependencies are not installed
]]></skipped></testcase><testcase classname="apache_beam.io.gcp.bigquery_test.WriteToBigQuery" name="test_dofn_client_start_bundle_called" time="0.000"><skipped type="unittest.case.SkipTest" message="GCP dependencies are not installed"><![CDATA[SkipTest: GCP dependencies are not installed
]]></skipped></testcase><testcase classname="apache_beam.io.gcp.bigquery_test.WriteToBigQuery" name="test_dofn_client_start_bundle_create_called" time="0.000"><skipped type="unittest.case.SkipTest" message="GCP dependencies are not installed"><![CDATA[SkipTest: GCP dependencies are not installed
]]></skipped></testcase><testcase classname="apache_beam.io.gcp.bigquery_test.WriteToBigQuery" name="test_none_schema_parsing" time="0.000"><skipped type="unittest.case.SkipTest" message="GCP dependencies are not installed"><![CDATA[SkipTest: GCP dependencies are not installed
]]></skipped></testcase><testcase classname="apache_beam.io.gcp.bigquery_test.WriteToBigQuery" name="test_noop_dict_schema_parsing" time="0.000"><skipped type="unittest.case.SkipTest" message="GCP dependencies are not installed"><![CDATA[SkipTest: GCP dependencies are not installed
]]></skipped></testcase><testcase classname="apache_beam.io.gcp.bigquery_test.WriteToBigQuery" name="test_noop_schema_parsing" time="0.000"><skipped type="unittest.case.SkipTest" message="GCP dependencies are not installed"><![CDATA[SkipTest: GCP dependencies are not installed
]]></skipped></testcase><testcase classname="apache_beam.io.gcp.bigquery_test.WriteToBigQuery" name="test_string_schema_parsing" time="0.000"><skipped type="unittest.case.SkipTest" message="GCP dependencies are not installed"><![CDATA[SkipTest: GCP dependencies are not installed
]]></skipped></testcase><testcase classname="apache_beam.io.gcp.bigquery_test.WriteToBigQuery" name="test_table_schema_parsing" time="0.000"><skipped type="unittest.case.SkipTest" message="GCP dependencies are not installed"><![CDATA[SkipTest: GCP dependencies are not installed
]]></skipped></testcase><testcase classname="apache_beam.io.gcp.bigquery_test.WriteToBigQuery" name="test_table_schema_parsing_end_to_end" time="0.000"><skipped type="unittest.case.SkipTest" message="GCP dependencies are not installed"><![CDATA[SkipTest: GCP dependencies are not installed
]]></skipped></testcase><testcase classname="apache_beam.io.gcp.gcsfilesystem_test.GCSFileSystemTest" name="test_copy_file" time="0.000"><skipped type="unittest.case.SkipTest" message="GCP dependencies are not installed"><![CDATA[SkipTest: GCP dependencies are not installed
]]></skipped></testcase><testcase classname="apache_beam.io.gcp.gcsfilesystem_test.GCSFileSystemTest" name="test_copy_file_error" time="0.000"><skipped type="unittest.case.SkipTest" message="GCP dependencies are not installed"><![CDATA[SkipTest: GCP dependencies are not installed
]]></skipped></testcase><testcase classname="apache_beam.io.gcp.gcsfilesystem_test.GCSFileSystemTest" name="test_copy_tree" time="0.000"><skipped type="unittest.case.SkipTest" message="GCP dependencies are not installed"><![CDATA[SkipTest: GCP dependencies are not installed
]]></skipped></testcase><testcase classname="apache_beam.io.gcp.gcsfilesystem_test.GCSFileSystemTest" name="test_create" time="0.000"><skipped type="unittest.case.SkipTest" message="GCP dependencies are not installed"><![CDATA[SkipTest: GCP dependencies are not installed
]]></skipped></testcase><testcase classname="apache_beam.io.gcp.gcsfilesystem_test.GCSFileSystemTest" name="test_delete" time="0.000"><skipped type="unittest.case.SkipTest" message="GCP dependencies are not installed"><![CDATA[SkipTest: GCP dependencies are not installed
]]></skipped></testcase><testcase classname="apache_beam.io.gcp.gcsfilesystem_test.GCSFileSystemTest" name="test_delete_error" time="0.000"><skipped type="unittest.case.SkipTest" message="GCP dependencies are not installed"><![CDATA[SkipTest: GCP dependencies are not installed
]]></skipped></testcase><testcase classname="apache_beam.io.gcp.gcsfilesystem_test.GCSFileSystemTest" name="test_join" time="0.000"><skipped type="unittest.case.SkipTest" message="GCP dependencies are not installed"><![CDATA[SkipTest: GCP dependencies are not installed
]]></skipped></testcase><testcase classname="apache_beam.io.gcp.gcsfilesystem_test.GCSFileSystemTest" name="test_match_multiple_patterns" time="0.000"><skipped type="unittest.case.SkipTest" message="GCP dependencies are not installed"><![CDATA[SkipTest: GCP dependencies are not installed
]]></skipped></testcase><testcase classname="apache_beam.io.gcp.gcsfilesystem_test.GCSFileSystemTest" name="test_match_multiples" time="0.000"><skipped type="unittest.case.SkipTest" message="GCP dependencies are not installed"><![CDATA[SkipTest: GCP dependencies are not installed
]]></skipped></testcase><testcase classname="apache_beam.io.gcp.gcsfilesystem_test.GCSFileSystemTest" name="test_match_multiples_error" time="0.000"><skipped type="unittest.case.SkipTest" message="GCP dependencies are not installed"><![CDATA[SkipTest: GCP dependencies are not installed
]]></skipped></testcase><testcase classname="apache_beam.io.gcp.gcsfilesystem_test.GCSFileSystemTest" name="test_match_multiples_limit" time="0.000"><skipped type="unittest.case.SkipTest" message="GCP dependencies are not installed"><![CDATA[SkipTest: GCP dependencies are not installed
]]></skipped></testcase><testcase classname="apache_beam.io.gcp.gcsfilesystem_test.GCSFileSystemTest" name="test_open" time="0.000"><skipped type="unittest.case.SkipTest" message="GCP dependencies are not installed"><![CDATA[SkipTest: GCP dependencies are not installed
]]></skipped></testcase><testcase classname="apache_beam.io.gcp.gcsfilesystem_test.GCSFileSystemTest" name="test_rename" time="0.000"><skipped type="unittest.case.SkipTest" message="GCP dependencies are not installed"><![CDATA[SkipTest: GCP dependencies are not installed
]]></skipped></testcase><testcase classname="apache_beam.io.gcp.gcsfilesystem_test.GCSFileSystemTest" name="test_rename_error" time="0.000"><skipped type="unittest.case.SkipTest" message="GCP dependencies are not installed"><![CDATA[SkipTest: GCP dependencies are not installed
]]></skipped></testcase><testcase classname="apache_beam.io.gcp.gcsfilesystem_test.GCSFileSystemTest" name="test_scheme" time="0.000"><skipped type="unittest.case.SkipTest" message="GCP dependencies are not installed"><![CDATA[SkipTest: GCP dependencies are not installed
]]></skipped></testcase><testcase classname="apache_beam.io.gcp.gcsfilesystem_test.GCSFileSystemTest" name="test_split" time="0.000"><skipped type="unittest.case.SkipTest" message="GCP dependencies are not installed"><![CDATA[SkipTest: GCP dependencies are not installed
]]></skipped></testcase><testcase classname="apache_beam.io.gcp.gcsio_test.TestGCSIO" name="test_bad_file_modes" time="0.000"><skipped type="unittest.case.SkipTest" message="GCP dependencies are not installed"><![CDATA[SkipTest: GCP dependencies are not installed
]]></skipped></testcase><testcase classname="apache_beam.io.gcp.gcsio_test.TestGCSIO" name="test_checksum" time="0.000"><skipped type="unittest.case.SkipTest" message="GCP dependencies are not installed"><![CDATA[SkipTest: GCP dependencies are not installed
]]></skipped></testcase><testcase classname="apache_beam.io.gcp.gcsio_test.TestGCSIO" name="test_context_manager" time="0.000"><skipped type="unittest.case.SkipTest" message="GCP dependencies are not installed"><![CDATA[SkipTest: GCP dependencies are not installed
]]></skipped></testcase><testcase classname="apache_beam.io.gcp.gcsio_test.TestGCSIO" name="test_copy" time="0.000"><skipped type="unittest.case.SkipTest" message="GCP dependencies are not installed"><![CDATA[SkipTest: GCP dependencies are not installed
]]></skipped></testcase><testcase classname="apache_beam.io.gcp.gcsio_test.TestGCSIO" name="test_copy_batch" time="0.000"><skipped type="unittest.case.SkipTest" message="GCP dependencies are not installed"><![CDATA[SkipTest: GCP dependencies are not installed
]]></skipped></testcase><testcase classname="apache_beam.io.gcp.gcsio_test.TestGCSIO" name="test_copytree" time="0.000"><skipped type="unittest.case.SkipTest" message="GCP dependencies are not installed"><![CDATA[SkipTest: GCP dependencies are not installed
]]></skipped></testcase><testcase classname="apache_beam.io.gcp.gcsio_test.TestGCSIO" name="test_delete" time="0.000"><skipped type="unittest.case.SkipTest" message="GCP dependencies are not installed"><![CDATA[SkipTest: GCP dependencies are not installed
]]></skipped></testcase><testcase classname="apache_beam.io.gcp.gcsio_test.TestGCSIO" name="test_delete_batch" time="0.000"><skipped type="unittest.case.SkipTest" message="GCP dependencies are not installed"><![CDATA[SkipTest: GCP dependencies are not installed
]]></skipped></testcase><testcase classname="apache_beam.io.gcp.gcsio_test.TestGCSIO" name="test_empty_batches" time="0.000"><skipped type="unittest.case.SkipTest" message="GCP dependencies are not installed"><![CDATA[SkipTest: GCP dependencies are not installed
]]></skipped></testcase><testcase classname="apache_beam.io.gcp.gcsio_test.TestGCSIO" name="test_exists" time="0.000"><skipped type="unittest.case.SkipTest" message="GCP dependencies are not installed"><![CDATA[SkipTest: GCP dependencies are not installed
]]></skipped></testcase><testcase classname="apache_beam.io.gcp.gcsio_test.TestGCSIO" name="test_exists_failure" time="0.000"><skipped type="unittest.case.SkipTest" message="GCP dependencies are not installed"><![CDATA[SkipTest: GCP dependencies are not installed
]]></skipped></testcase><testcase classname="apache_beam.io.gcp.gcsio_test.TestGCSIO" name="test_file_close" time="0.000"><skipped type="unittest.case.SkipTest" message="GCP dependencies are not installed"><![CDATA[SkipTest: GCP dependencies are not installed
]]></skipped></testcase><testcase classname="apache_beam.io.gcp.gcsio_test.TestGCSIO" name="test_file_flush" time="0.000"><skipped type="unittest.case.SkipTest" message="GCP dependencies are not installed"><![CDATA[SkipTest: GCP dependencies are not installed
]]></skipped></testcase><testcase classname="apache_beam.io.gcp.gcsio_test.TestGCSIO" name="test_file_iterator" time="0.000"><skipped type="unittest.case.SkipTest" message="GCP dependencies are not installed"><![CDATA[SkipTest: GCP dependencies are not installed
]]></skipped></testcase><testcase classname="apache_beam.io.gcp.gcsio_test.TestGCSIO" name="test_file_mode" time="0.000"><skipped type="unittest.case.SkipTest" message="GCP dependencies are not installed"><![CDATA[SkipTest: GCP dependencies are not installed
]]></skipped></testcase><testcase classname="apache_beam.io.gcp.gcsio_test.TestGCSIO" name="test_file_random_seek" time="0.000"><skipped type="unittest.case.SkipTest" message="GCP dependencies are not installed"><![CDATA[SkipTest: GCP dependencies are not installed
]]></skipped></testcase><testcase classname="apache_beam.io.gcp.gcsio_test.TestGCSIO" name="test_file_read_line" time="0.000"><skipped type="unittest.case.SkipTest" message="GCP dependencies are not installed"><![CDATA[SkipTest: GCP dependencies are not installed
]]></skipped></testcase><testcase classname="apache_beam.io.gcp.gcsio_test.TestGCSIO" name="test_file_write" time="0.000"><skipped type="unittest.case.SkipTest" message="GCP dependencies are not installed"><![CDATA[SkipTest: GCP dependencies are not installed
]]></skipped></testcase><testcase classname="apache_beam.io.gcp.gcsio_test.TestGCSIO" name="test_full_file_read" time="0.000"><skipped type="unittest.case.SkipTest" message="GCP dependencies are not installed"><![CDATA[SkipTest: GCP dependencies are not installed
]]></skipped></testcase><testcase classname="apache_beam.io.gcp.gcsio_test.TestGCSIO" name="test_list_prefix" time="0.000"><skipped type="unittest.case.SkipTest" message="GCP dependencies are not installed"><![CDATA[SkipTest: GCP dependencies are not installed
]]></skipped></testcase><testcase classname="apache_beam.io.gcp.gcsio_test.TestGCSIO" name="test_rename" time="0.000"><skipped type="unittest.case.SkipTest" message="GCP dependencies are not installed"><![CDATA[SkipTest: GCP dependencies are not installed
]]></skipped></testcase><testcase classname="apache_beam.io.gcp.gcsio_test.TestGCSIO" name="test_size" time="0.000"><skipped type="unittest.case.SkipTest" message="GCP dependencies are not installed"><![CDATA[SkipTest: GCP dependencies are not installed
]]></skipped></testcase><testcase classname="apache_beam.io.gcp.gcsio_test.TestGCSPathParser" name="test_bad_gcs_path" time="0.000"><skipped type="unittest.case.SkipTest" message="GCP dependencies are not installed"><![CDATA[SkipTest: GCP dependencies are not installed
]]></skipped></testcase><testcase classname="apache_beam.io.gcp.gcsio_test.TestGCSPathParser" name="test_gcs_path" time="0.000"><skipped type="unittest.case.SkipTest" message="GCP dependencies are not installed"><![CDATA[SkipTest: GCP dependencies are not installed
]]></skipped></testcase><testcase classname="apache_beam.io.gcp.pubsub_test.TestPubSubSink" name="test_display_data" time="0.000"><skipped type="unittest.case.SkipTest" message="GCP dependencies are not installed"><![CDATA[SkipTest: GCP dependencies are not installed
]]></skipped></testcase><testcase classname="apache_beam.io.gcp.pubsub_test.TestPubSubSource" name="test_display_data_no_subscription" time="0.000"><skipped type="unittest.case.SkipTest" message="GCP dependencies are not installed"><![CDATA[SkipTest: GCP dependencies are not installed
]]></skipped></testcase><testcase classname="apache_beam.io.gcp.pubsub_test.TestPubSubSource" name="test_display_data_subscription" time="0.000"><skipped type="unittest.case.SkipTest" message="GCP dependencies are not installed"><![CDATA[SkipTest: GCP dependencies are not installed
]]></skipped></testcase><testcase classname="apache_beam.io.gcp.pubsub_test.TestPubSubSource" name="test_display_data_topic" time="0.000"><skipped type="unittest.case.SkipTest" message="GCP dependencies are not installed"><![CDATA[SkipTest: GCP dependencies are not installed
]]></skipped></testcase><testcase classname="apache_beam.io.gcp.pubsub_test.TestReadFromPubSub" name="test_read_messages_success" time="0.000"><skipped type="unittest.case.SkipTest" message="GCP dependencies are not installed"><![CDATA[SkipTest: GCP dependencies are not installed
]]></skipped></testcase><testcase classname="apache_beam.io.gcp.pubsub_test.TestReadFromPubSub" name="test_read_messages_timestamp_attribute_fail_missing" time="0.000"><skipped type="unittest.case.SkipTest" message="GCP dependencies are not installed"><![CDATA[SkipTest: GCP dependencies are not installed
]]></skipped></testcase><testcase classname="apache_beam.io.gcp.pubsub_test.TestReadFromPubSub" name="test_read_messages_timestamp_attribute_fail_parse" time="0.000"><skipped type="unittest.case.SkipTest" message="GCP dependencies are not installed"><![CDATA[SkipTest: GCP dependencies are not installed
]]></skipped></testcase><testcase classname="apache_beam.io.gcp.pubsub_test.TestReadFromPubSub" name="test_read_messages_timestamp_attribute_milli_success" time="0.000"><skipped type="unittest.case.SkipTest" message="GCP dependencies are not installed"><![CDATA[SkipTest: GCP dependencies are not installed
]]></skipped></testcase><testcase classname="apache_beam.io.gcp.pubsub_test.TestReadFromPubSub" name="test_read_messages_timestamp_attribute_rfc3339_success" time="0.000"><skipped type="unittest.case.SkipTest" message="GCP dependencies are not installed"><![CDATA[SkipTest: GCP dependencies are not installed
]]></skipped></testcase><testcase classname="apache_beam.io.gcp.pubsub_test.TestReadFromPubSub" name="test_read_payload_success" time="0.000"><skipped type="unittest.case.SkipTest" message="GCP dependencies are not installed"><![CDATA[SkipTest: GCP dependencies are not installed
]]></skipped></testcase><testcase classname="apache_beam.io.gcp.pubsub_test.TestReadFromPubSub" name="test_read_strings_success" time="0.000"><skipped type="unittest.case.SkipTest" message="GCP dependencies are not installed"><![CDATA[SkipTest: GCP dependencies are not installed
]]></skipped></testcase><testcase classname="apache_beam.io.gcp.pubsub_test.TestReadFromPubSubOverride" name="test_expand_with_both_topic_and_subscription" time="0.000"><skipped type="unittest.case.SkipTest" message="GCP dependencies are not installed"><![CDATA[SkipTest: GCP dependencies are not installed
[...]
estcase><testcase classname="apache_beam.typehints.typehints_test.TupleHintTestCase" name="test_getitem_params_must_be_type_or_constraint" time="0.000"></testcase><testcase classname="apache_beam.typehints.typehints_test.TupleHintTestCase" name="test_raw_tuple" time="0.000"></testcase><testcase classname="apache_beam.typehints.typehints_test.TupleHintTestCase" name="test_repr" time="0.000"></testcase><testcase classname="apache_beam.typehints.typehints_test.TupleHintTestCase" name="test_type_check_invalid_composite_type" time="0.000"></testcase><testcase classname="apache_beam.typehints.typehints_test.TupleHintTestCase" name="test_type_check_invalid_composite_type_arbitrary_length" time="0.000"></testcase><testcase classname="apache_beam.typehints.typehints_test.TupleHintTestCase" name="test_type_check_invalid_simple_type_arbitrary_length" time="0.000"></testcase><testcase classname="apache_beam.typehints.typehints_test.TupleHintTestCase" name="test_type_check_invalid_simple_types" time="0.000"></testcase><testcase classname="apache_beam.typehints.typehints_test.TupleHintTestCase" name="test_type_check_must_be_tuple" time="0.000"></testcase><testcase classname="apache_beam.typehints.typehints_test.TupleHintTestCase" name="test_type_check_must_have_same_arity" time="0.000"></testcase><testcase classname="apache_beam.typehints.typehints_test.TupleHintTestCase" name="test_type_check_valid_composite_type_arbitrary_length" time="0.000"></testcase><testcase classname="apache_beam.typehints.typehints_test.TupleHintTestCase" name="test_type_check_valid_composite_types" time="0.000"></testcase><testcase classname="apache_beam.typehints.typehints_test.TupleHintTestCase" name="test_type_check_valid_simple_type_arbitrary_length" time="0.000"></testcase><testcase classname="apache_beam.typehints.typehints_test.TupleHintTestCase" name="test_type_check_valid_simple_types" time="0.000"></testcase><testcase classname="apache_beam.typehints.typehints_test.UnionHintTestCase" name="test_getitem_duplicates_ignored" time="0.000"></testcase><testcase classname="apache_beam.typehints.typehints_test.UnionHintTestCase" name="test_getitem_must_be_valid_type_param" time="0.000"></testcase><testcase classname="apache_beam.typehints.typehints_test.UnionHintTestCase" name="test_getitem_must_be_valid_type_param_cant_be_object_instance" time="0.000"></testcase><testcase classname="apache_beam.typehints.typehints_test.UnionHintTestCase" name="test_getitem_nested_unions_flattened" time="0.000"></testcase><testcase classname="apache_beam.typehints.typehints_test.UnionHintTestCase" name="test_nested_compatibility" time="0.000"></testcase><testcase classname="apache_beam.typehints.typehints_test.UnionHintTestCase" name="test_union_hint_compatibility" time="0.000"></testcase><testcase classname="apache_beam.typehints.typehints_test.UnionHintTestCase" name="test_union_hint_enforcement_composite_type_in_union" time="0.000"></testcase><testcase classname="apache_beam.typehints.typehints_test.UnionHintTestCase" name="test_union_hint_enforcement_not_part_of_union" time="0.000"></testcase><testcase classname="apache_beam.typehints.typehints_test.UnionHintTestCase" name="test_union_hint_enforcement_part_of_union" time="0.000"></testcase><testcase classname="apache_beam.typehints.typehints_test.UnionHintTestCase" name="test_union_hint_repr" time="0.000"></testcase><testcase classname="apache_beam.utils.annotations_test.AnnotationTests" name="test_deprecated_with_since_current" time="0.000"></testcase><testcase classname="apache_beam.utils.annotations_test.AnnotationTests" name="test_deprecated_with_since_current_message" time="0.000"></testcase><testcase classname="apache_beam.utils.annotations_test.AnnotationTests" name="test_deprecated_without_current" time="0.000"></testcase><testcase classname="apache_beam.utils.annotations_test.AnnotationTests" name="test_deprecated_without_since_should_fail" time="0.000"></testcase><testcase classname="apache_beam.utils.annotations_test.AnnotationTests" name="test_experimental_with_current" time="0.000"></testcase><testcase classname="apache_beam.utils.annotations_test.AnnotationTests" name="test_experimental_with_current_message" time="0.000"></testcase><testcase classname="apache_beam.utils.annotations_test.AnnotationTests" name="test_experimental_without_current" time="0.000"></testcase><testcase classname="apache_beam.utils.annotations_test.AnnotationTests" name="test_frequency" time="0.000"></testcase><testcase classname="apache_beam.utils.counters_test.CounterNameTest" name="test_equal_objects" time="0.000"></testcase><testcase classname="apache_beam.utils.counters_test.CounterNameTest" name="test_hash_two_objects" time="0.000"></testcase><testcase classname="apache_beam.utils.processes_test.Exec" name="test_method_forwarding_not_windows" time="0.004"></testcase><testcase classname="apache_beam.utils.processes_test.Exec" name="test_method_forwarding_windows" time="0.003"></testcase><testcase classname="apache_beam.utils.retry_test.RetryStateTest" name="test_call_two_objects" time="0.389"></testcase><testcase classname="apache_beam.utils.retry_test.RetryStateTest" name="test_single_failure" time="0.084"></testcase><testcase classname="apache_beam.utils.retry_test.RetryStateTest" name="test_two_failures" time="0.255"></testcase><testcase classname="apache_beam.utils.retry_test.RetryTest" name="test_log_calls_for_permanent_failure" time="0.001"></testcase><testcase classname="apache_beam.utils.retry_test.RetryTest" name="test_log_calls_for_transient_failure" time="0.001"></testcase><testcase classname="apache_beam.utils.retry_test.RetryTest" name="test_with_default_number_of_retries" time="0.003"></testcase><testcase classname="apache_beam.utils.retry_test.RetryTest" name="test_with_explicit_decorator" time="0.002"></testcase><testcase classname="apache_beam.utils.retry_test.RetryTest" name="test_with_explicit_initial_delay" time="0.002"></testcase><testcase classname="apache_beam.utils.retry_test.RetryTest" name="test_with_explicit_number_of_retries" time="0.003"></testcase><testcase classname="apache_beam.utils.retry_test.RetryTest" name="test_with_http_error_that_should_be_retried" time="0.000"><skipped type="unittest.case.SkipTest" message="google-apitools is not installed"><![CDATA[SkipTest: google-apitools is not installed
]]></skipped></testcase><testcase classname="apache_beam.utils.retry_test.RetryTest" name="test_with_http_error_that_should_not_be_retried" time="0.000"><skipped type="unittest.case.SkipTest" message="google-apitools is not installed"><![CDATA[SkipTest: google-apitools is not installed
]]></skipped></testcase><testcase classname="apache_beam.utils.retry_test.RetryTest" name="test_with_no_retry_decorator" time="0.000"></testcase><testcase classname="apache_beam.utils.retry_test.RetryTest" name="test_with_real_clock" time="0.091"></testcase><testcase classname="apache_beam.utils.timestamp_test.DurationTest" name="test_arithmetic" time="0.000"></testcase><testcase classname="apache_beam.utils.timestamp_test.DurationTest" name="test_of" time="0.000"></testcase><testcase classname="apache_beam.utils.timestamp_test.DurationTest" name="test_precision" time="0.000"></testcase><testcase classname="apache_beam.utils.timestamp_test.DurationTest" name="test_sort_order" time="0.000"></testcase><testcase classname="apache_beam.utils.timestamp_test.DurationTest" name="test_str" time="0.000"></testcase><testcase classname="apache_beam.utils.timestamp_test.TimestampTest" name="test_arithmetic" time="0.000"></testcase><testcase classname="apache_beam.utils.timestamp_test.TimestampTest" name="test_from_rfc3339" time="0.000"></testcase><testcase classname="apache_beam.utils.timestamp_test.TimestampTest" name="test_from_rfc3339_failure" time="0.000"></testcase><testcase classname="apache_beam.utils.timestamp_test.TimestampTest" name="test_from_utc_datetime" time="0.000"></testcase><testcase classname="apache_beam.utils.timestamp_test.TimestampTest" name="test_of" time="0.000"></testcase><testcase classname="apache_beam.utils.timestamp_test.TimestampTest" name="test_precision" time="0.000"></testcase><testcase classname="apache_beam.utils.timestamp_test.TimestampTest" name="test_sort_order" time="0.000"></testcase><testcase classname="apache_beam.utils.timestamp_test.TimestampTest" name="test_str" time="0.000"></testcase><testcase classname="apache_beam.utils.timestamp_test.TimestampTest" name="test_utc_timestamp" time="0.000"></testcase><testcase classname="apache_beam.utils.windowed_value_test.WindowedValueTest" name="test_equality" time="0.000"></testcase><testcase classname="apache_beam.utils.windowed_value_test.WindowedValueTest" name="test_hash" time="0.000"></testcase><testcase classname="apache_beam.utils.windowed_value_test.WindowedValueTest" name="test_pickle" time="0.001"></testcase><testcase classname="apache_beam.utils.windowed_value_test.WindowedValueTest" name="test_timestamps" time="0.000"></testcase><testcase classname="apache_beam.utils.windowed_value_test.WindowedValueTest" name="test_with_value" time="0.000"></testcase><testcase classname="apache_beam.pipeline_test.DirectRunnerRetryTests" name="test_no_partial_writeouts" time="0.000"></testcase><testcase classname="apache_beam.pipeline_test.DirectRunnerRetryTests" name="test_retry_fork_graph" time="0.077"></testcase><testcase classname="apache_beam.pipeline_test.DoFnTest" name="test_element" time="0.215"></testcase><testcase classname="apache_beam.pipeline_test.DoFnTest" name="test_side_input_no_tag" time="0.211"></testcase><testcase classname="apache_beam.pipeline_test.DoFnTest" name="test_side_input_tagged" time="0.211"></testcase><testcase classname="apache_beam.pipeline_test.DoFnTest" name="test_timestamp_param" time="0.174"></testcase><testcase classname="apache_beam.pipeline_test.DoFnTest" name="test_timestamp_param_map" time="0.182"></testcase><testcase classname="apache_beam.pipeline_test.DoFnTest" name="test_window_param" time="0.445"></testcase><testcase classname="apache_beam.pipeline_test.PipelineOptionsTest" name="test_attribute_setting" time="0.001"></testcase><testcase classname="apache_beam.pipeline_test.PipelineOptionsTest" name="test_defaults" time="0.000"></testcase><testcase classname="apache_beam.pipeline_test.PipelineOptionsTest" name="test_dir" time="0.001"></testcase><testcase classname="apache_beam.pipeline_test.PipelineOptionsTest" name="test_flag_parsing" time="0.000"></testcase><testcase classname="apache_beam.pipeline_test.PipelineOptionsTest" name="test_keyword_parsing" time="0.000"></testcase><testcase classname="apache_beam.pipeline_test.PipelineOptionsTest" name="test_view_as" time="0.002"></testcase><testcase classname="apache_beam.pipeline_test.PipelineTest" name="test_aggregator_empty_input" time="0.096"></testcase><testcase classname="apache_beam.pipeline_test.PipelineTest" name="test_apply_custom_transform" time="0.171"></testcase><testcase classname="apache_beam.pipeline_test.PipelineTest" name="test_create" time="0.335"></testcase><testcase classname="apache_beam.pipeline_test.PipelineTest" name="test_create_singleton_pcollection" time="0.171"></testcase><testcase classname="apache_beam.pipeline_test.PipelineTest" name="test_fake_read" time="0.113"></testcase><testcase classname="apache_beam.pipeline_test.PipelineTest" name="test_flatmap_builtin" time="0.606"></testcase><testcase classname="apache_beam.pipeline_test.PipelineTest" name="test_memory_usage" time="0.001"><skipped type="unittest.case.SkipTest" message="ru_maxrss is not in standard units."><![CDATA[SkipTest: ru_maxrss is not in standard units.
]]></skipped></testcase><testcase classname="apache_beam.pipeline_test.PipelineTest" name="test_metrics_in_fake_source" time="0.111"></testcase><testcase classname="apache_beam.pipeline_test.PipelineTest" name="test_pipeline_as_context" time="0.042"></testcase><testcase classname="apache_beam.pipeline_test.PipelineTest" name="test_ptransform_override_type_hints" time="0.035"></testcase><testcase classname="apache_beam.pipeline_test.PipelineTest" name="test_ptransform_overrides" time="0.127"></testcase><testcase classname="apache_beam.pipeline_test.PipelineTest" name="test_reuse_cloned_custom_transform_instance" time="0.329"></testcase><testcase classname="apache_beam.pipeline_test.PipelineTest" name="test_reuse_custom_transform_instance" time="0.011"></testcase><testcase classname="apache_beam.pipeline_test.PipelineTest" name="test_transform_no_super_init" time="0.058"></testcase><testcase classname="apache_beam.pipeline_test.PipelineTest" name="test_visit_entire_graph" time="0.017"></testcase><testcase classname="apache_beam.pipeline_test.RunnerApiTest" name="test_parent_pointer" time="0.017"></testcase><testcase classname="apache_beam.pipeline_test.RunnerApiTest" name="test_pickling" time="0.113"></testcase><testcase classname="apache_beam.pipeline_test.RunnerApiTest" name="test_simple" time="0.048"></testcase><testcase classname="apache_beam.pvalue_test.PValueTest" name="test_assingleton_multi_element" time="0.000"></testcase><testcase classname="apache_beam.pvalue_test.PValueTest" name="test_pvalue_expected_arguments" time="0.005"></testcase><testcase classname="apache_beam.testing.pipeline_verifiers_test.PipelineVerifiersTest" name="test_file_checksum_matchcer_invalid_sleep_time" time="0.009"></testcase><testcase classname="apache_beam.testing.pipeline_verifiers_test.PipelineVerifiersTest" name="test_file_checksum_matcher_read_failed" time="0.006"></testcase><testcase classname="apache_beam.testing.pipeline_verifiers_test.PipelineVerifiersTest" name="test_file_checksum_matcher_service_error" time="0.000"><skipped type="unittest.case.SkipTest" message="google-apitools is not installed"><![CDATA[SkipTest: google-apitools is not installed
]]></skipped></testcase><testcase classname="apache_beam.testing.pipeline_verifiers_test.PipelineVerifiersTest" name="test_file_checksum_matcher_sleep_before_verify" time="0.005"></testcase><testcase classname="apache_beam.testing.pipeline_verifiers_test.PipelineVerifiersTest" name="test_file_checksum_matcher_success" time="0.008"></testcase><testcase classname="apache_beam.testing.pipeline_verifiers_test.PipelineVerifiersTest" name="test_pipeline_state_matcher_fails" time="0.004"></testcase><testcase classname="apache_beam.testing.pipeline_verifiers_test.PipelineVerifiersTest" name="test_pipeline_state_matcher_given_state" time="0.002"></testcase><testcase classname="apache_beam.testing.pipeline_verifiers_test.PipelineVerifiersTest" name="test_pipeline_state_matcher_success" time="0.002"></testcase><testcase classname="apache_beam.testing.test_pipeline_test.TestPipelineTest" name="test_append_extra_options" time="0.005"></testcase><testcase classname="apache_beam.testing.test_pipeline_test.TestPipelineTest" name="test_append_verifier_in_extra_opt" time="0.006"></testcase><testcase classname="apache_beam.testing.test_pipeline_test.TestPipelineTest" name="test_create_test_pipeline_options" time="0.008"></testcase><testcase classname="apache_beam.testing.test_pipeline_test.TestPipelineTest" name="test_empty_option_args_parsing" time="0.005"></testcase><testcase classname="apache_beam.testing.test_pipeline_test.TestPipelineTest" name="test_get_option" time="0.005"></testcase><testcase classname="apache_beam.testing.test_pipeline_test.TestPipelineTest" name="test_option_args_parsing" time="0.005"></testcase><testcase classname="apache_beam.testing.test_pipeline_test.TestPipelineTest" name="test_skip_IT" time="0.001"><skipped type="unittest.case.SkipTest" message="IT is skipped because --test-pipeline-options is not specified"><![CDATA[SkipTest: IT is skipped because --test-pipeline-options is not specified
]]></skipped></testcase><testcase classname="apache_beam.testing.test_stream_test.TestStreamTest" name="test_basic_execution" time="0.178"></testcase><testcase classname="apache_beam.testing.test_stream_test.TestStreamTest" name="test_basic_execution_batch_sideinputs" time="0.061"></testcase><testcase classname="apache_beam.testing.test_stream_test.TestStreamTest" name="test_basic_execution_batch_sideinputs_fixed_windows" time="0.072"></testcase><testcase classname="apache_beam.testing.test_stream_test.TestStreamTest" name="test_basic_execution_sideinputs" time="0.047"></testcase><testcase classname="apache_beam.testing.test_stream_test.TestStreamTest" name="test_basic_execution_sideinputs_fixed_windows" time="0.065"></testcase><testcase classname="apache_beam.testing.test_stream_test.TestStreamTest" name="test_basic_test_stream" time="0.000"></testcase><testcase classname="apache_beam.testing.test_stream_test.TestStreamTest" name="test_gbk_execution_after_processing_trigger_fired" time="0.157"></testcase><testcase classname="apache_beam.testing.test_stream_test.TestStreamTest" name="test_gbk_execution_after_watermark_trigger" time="0.064"></testcase><testcase classname="apache_beam.testing.test_stream_test.TestStreamTest" name="test_gbk_execution_no_triggers" time="0.200"></testcase><testcase classname="apache_beam.testing.test_stream_test.TestStreamTest" name="test_test_stream_errors" time="0.000"></testcase><testcase classname="apache_beam.testing.test_utils_test.TestUtilsTest" name="test_cleanup_subscriptions" time="0.011"></testcase><testcase classname="apache_beam.testing.test_utils_test.TestUtilsTest" name="test_cleanup_topics" time="0.003"></testcase><testcase classname="apache_beam.testing.test_utils_test.TestUtilsTest" name="test_delete_files_fails_with_invalid_arg" time="0.004"></testcase><testcase classname="apache_beam.testing.test_utils_test.TestUtilsTest" name="test_delete_files_fails_with_io_error" time="0.004"></testcase><testcase classname="apache_beam.testing.test_utils_test.TestUtilsTest" name="test_delete_files_succeeds" time="0.002"></testcase><testcase classname="apache_beam.testing.test_utils_test.TestUtilsTest" name="test_temp_dir_removes_files" time="0.002"></testcase><testcase classname="apache_beam.testing.test_utils_test.TestUtilsTest" name="test_temp_file_field_correct" time="0.003"></testcase><testcase classname="apache_beam.testing.test_utils_test.TestUtilsTest" name="test_wait_for_subscriptions_created_fails" time="0.111"></testcase><testcase classname="apache_beam.testing.test_utils_test.TestUtilsTest" name="test_wait_for_subscriptions_created_succeeds" time="0.003"></testcase><testcase classname="apache_beam.testing.test_utils_test.TestUtilsTest" name="test_wait_for_topics_created_fails" time="0.104"></testcase><testcase classname="apache_beam.testing.test_utils_test.TestUtilsTest" name="test_wait_for_topics_created_succeeds" time="0.004"></testcase><testcase classname="apache_beam.testing.util_test.UtilTest" name="test_assert_that_fails" time="0.183"></testcase><testcase classname="apache_beam.testing.util_test.UtilTest" name="test_assert_that_fails_on_empty_expected" time="0.160"></testcase><testcase classname="apache_beam.testing.util_test.UtilTest" name="test_assert_that_fails_on_empty_input" time="0.159"></testcase><testcase classname="apache_beam.testing.util_test.UtilTest" name="test_assert_that_passes" time="0.170"></testcase><testcase classname="apache_beam.testing.util_test.UtilTest" name="test_assert_that_passes_empty_equal_to" time="0.155"></testcase><testcase classname="apache_beam.testing.util_test.UtilTest" name="test_assert_that_passes_empty_is_empty" time="0.166"></testcase><testcase classname="apache_beam.testing.util_test.UtilTest" name="test_windowed_value_assert_fail_unmatched_timestamp" time="0.189"></testcase><testcase classname="apache_beam.testing.util_test.UtilTest" name="test_windowed_value_assert_fail_unmatched_value" time="0.167"></testcase><testcase classname="apache_beam.testing.util_test.UtilTest" name="test_windowed_value_assert_fail_unmatched_window" time="0.181"></testcase><testcase classname="apache_beam.testing.util_test.UtilTest" name="test_windowed_value_passes" time="0.182"></testcase></testsuite>